-------------------------------------------------------------------------------
Test set: com.xuecheng.test.freemarker.FreemarkerTest
-------------------------------------------------------------------------------
Tests run: 2, Failures: 0, Errors: 1, Skipped: 0, Time elapsed: 4.524 s <<< FAILURE! - in com.xuecheng.test.freemarker.FreemarkerTest
testGenerateHtml(com.xuecheng.test.freemarker.FreemarkerTest)  Time elapsed: 0.249 s  <<< ERROR!
java.io.FileNotFoundException: G:\BaiduNetdiskDownload\19%20%E5%BE%AE%E6%9C%8D%E5%8A%A1%E9%A1%B9%E7%9B%AE%E3%80%90%E5%AD%A6%E6%88%90%E5%9C%A8%E7%BA%BF%E3%80%91\day01%20%E6%90%AD%E5%BB%BA%E7%8E%AF%E5%A2%83%20CMS%E6%9C%8D%E5%8A%A1%E7%AB%AF%E5%BC%80%E5%8F%91\%E4%BB%A3%E7%A0%81\xcEduService01\xcEduService01\test-freemarker\target\test-classes\templates does not exist.
	at com.xuecheng.test.freemarker.FreemarkerTest.testGenerateHtml(FreemarkerTest.java:34)

