<?xml version="1.0" encoding="UTF-8"?>
<testsuite xmlns:xsi="http://www.w3.org/2001/XMLSchema-instance" xsi:noNamespaceSchemaLocation="https://maven.apache.org/surefire/maven-surefire-plugin/xsd/surefire-test-report.xsd" name="com.xuecheng.test.freemarker.FreemarkerTest" time="4.524" tests="2" errors="1" skipped="0" failures="0">
  <properties>
[...]
</properties>
  <testcase name="testGenerateHtml" classname="com.xuecheng.test.freemarker.FreemarkerTest" time="0.249">
    <error message="G:\BaiduNetdiskDownload\19%20%E5%BE%AE%E6%9C%8D%E5%8A%A1%E9%A1%B9%E7%9B%AE%E3%80%90%E5%AD%A6%E6%88%90%E5%9C%A8%E7%BA%BF%E3%80%91\day01%20%E6%90%AD%E5%BB%BA%E7%8E%AF%E5%A2%83%20CMS%E6%9C%8D%E5%8A%A1%E7%AB%AF%E5%BC%80%E5%8F%91\%E4%BB%A3%E7%A0%81\xcEduService01\xcEduService01\test-freemarker\target\test-classes\templates does not exist." type="java.io.FileNotFoundException">java.io.FileNotFoundException: G:\BaiduNetdiskDownload\19%20%E5%BE%AE%E6%9C%8D%E5%8A%A1%E9%A1%B9%E7%9B%AE%E3%80%90%E5%AD%A6%E6%88%90%E5%9C%A8%E7%BA%BF%E3%80%91\day01%20%E6%90%AD%E5%BB%BA%E7%8E%AF%E5%A2%83%20CMS%E6%9C%8D%E5%8A%A1%E7%AB%AF%E5%BC%80%E5%8F%91\%E4%BB%A3%E7%A0%81\xcEduService01\xcEduService01\test-freemarker\target\test-classes\templates does not exist.
	at com.xuecheng.test.freemarker.FreemarkerTest.testGenerateHtml(FreemarkerTest.java:34)
</error>
    <system-out><![CDATA[08:53:30.273 [main] DEBUG org.springframework.test.context.junit4.SpringJUnit4ClassRunner - SpringJUnit4ClassRunner constructor called with [class com.xuecheng.test.freemarker.FreemarkerTest]
08:53:30.279 [main] DEBUG org.springframework.test.context.BootstrapUtils - Instantiating CacheAwareContextLoaderDelegate from class [org.springframework.test.context.cache.DefaultCacheAwareContextLoaderDelegate]
08:53:30.288 [main] DEBUG org.springframework.test.context.BootstrapUtils - Instantiating BootstrapContext using constructor [public org.springframework.test.context.support.DefaultBootstrapContext(java.lang.Class,org.springframework.test.context.CacheAwareContextLoaderDelegate)]
08:53:30.305 [main] DEBUG org.springframework.test.context.BootstrapUtils - Instantiating TestContextBootstrapper for test class [com.xuecheng.test.freemarker.FreemarkerTest] from class [org.springframework.boot.test.context.SpringBootTestContextBootstrapper]
08:53:30.399 [main] INFO org.springframework.boot.test.context.SpringBootTestContextBootstrapper - Neither @ContextConfiguration nor @ContextHierarchy found for test class [com.xuecheng.test.freemarker.FreemarkerTest], using SpringBootContextLoader
08:53:30.403 [main] DEBUG org.springframework.test.context.support.AbstractContextLoader - Did not detect default resource location for test class [com.xuecheng.test.freemarker.FreemarkerTest]: class path resource [com/xuecheng/test/freemarker/FreemarkerTest-context.xml] does not exist
08:53:30.404 [main] DEBUG org.springframework.test.context.support.AbstractContextLoader - Did not detect default resource location for test class [com.xuecheng.test.freemarker.FreemarkerTest]: class path resource [com/xuecheng/test/freemarker/FreemarkerTestContext.groovy] does not exist
08:53:30.404 [main] INFO org.springframework.test.context.support.AbstractContextLoader - Could not detect default resource locations for test class [com.xuecheng.test.freemarker.FreemarkerTest]: no resource found for suffixes {-context.xml, Context.groovy}.
08:53:30.405 [main] INFO org.springframework.test.context.support.AnnotationConfigContextLoaderUtils - Could not detect default configuration classes for test class [com.xuecheng.test.freemarker.FreemarkerTest]: FreemarkerTest does not declare any static, non-private, non-final, nested classes annotated with @Configuration.
08:53:30.563 [main] DEBUG org.springframework.test.context.support.ActiveProfilesUtils - Could not find an 'annotation declaring class' for annotation type [org.springframework.test.context.ActiveProfiles] and class [com.xuecheng.test.freemarker.FreemarkerTest]
08:53:30.575 [main] DEBUG org.springframework.core.env.StandardEnvironment - Adding PropertySource 'systemProperties' with lowest search precedence
08:53:30.575 [main] DEBUG org.springframework.core.env.StandardEnvironment - Adding PropertySource 'systemEnvironment' with lowest search precedence
08:53:30.576 [main] DEBUG org.springframework.core.env.StandardEnvironment - Initialized StandardEnvironment with PropertySources [MapPropertySource@297927961 {name='systemProperties', properties={idea.version=2017.3.4, java.runtime.name=Java(TM) SE Runtime Environment, sun.boot.library.path=G:\jdk1.8\jre\bin, java.vm.version=25.144-b01, java.vm.vendor=Oracle Corporation, java.vendor.url=http://java.oracle.com/, path.separator=;, java.vm.name=Java HotSpot(TM) 64-Bit Server VM, file.encoding.pkg=sun.io, user.country=CN, user.script=, sun.java.launcher=SUN_STANDARD, sun.os.patch.level=, java.vm.specification.name=Java Virtual Machine Specification, user.dir=G:\BaiduNetdiskDownload\19 微服务项目【学成在线】\day01 搭建环境 CMS服务端开发\代码\xcEduService01\xcEduService01\test-freemarker, java.runtime.version=1.8.0_144-b01, basedir=G:\BaiduNetdiskDownload\19 微服务项目【学成在线】\day01 搭建环境 CMS服务端开发\代码\xcEduService01\xcEduService01\test-freemarker, java.awt.graphicsenv=sun.awt.Win32GraphicsEnvironment, java.endorsed.dirs=G:\jdk1.8\jre\lib\endorsed, os.arch=amd64, surefire.real.class.path=C:\Users\zq953\AppData\Local\Temp\surefire2981985329894730121\surefirebooter3839258065017113844.jar, java.io.tmpdir=C:\Users\zq953\AppData\Local\Temp\, line.separator=
, java.vm.specification.vendor=Oracle Corporation, user.variant=, os.name=Windows 10, sun.jnu.encoding=GBK, java.library.path=G:\jdk1.8\jre\bin;C:\WINDOWS\Sun\Java\bin;C:\WINDOWS\system32;C:\WINDOWS;C:\ProgramData\Oracle\Java\javapath;C:\Program Files (x86)\Common Files\Oracle\Java\javapath;C:\Program Files (x86)\Intel\iCLS Client\;C:\Program Files\Intel\iCLS Client\;C:\Windows\system32;C:\Windows;C:\Windows\System32\Wbem;C:\Windows\System32\WindowsPowerShell\v1.0\;C:\Program Files (x86)\NVIDIA Corporation\PhysX\Common;C:\Program Files (x86)\Intel\Intel(R) Management Engine Components\DAL;C:\Program Files\Intel\Intel(R) Management Engine Components\DAL;C:\Program Files (x86)\Intel\Intel(R) Management Engine Components\IPT;C:\Program Files\Intel\Intel(R) Management Engine Components\IPT;C:\Program Files\Intel\WiFi\bin\;C:\Program Files\Common Files\Intel\WirelessCommon\;C:\WINDOWS\system32;C:\WINDOWS;C:\WINDOWS\System32\Wbem;C:\WINDOWS\System32\WindowsPowerShell\v1.0\;C:\WINDOWS\System32\OpenSSH\;G:\learnJAVA\bin;G:\worksoft\MySQL\bin;G:\worksoft\apache-maven-3.5.2\bin;G:\jdk1.8\bin;C:\Program Files\Git\cmd;C:\Program Files\TortoiseGit\bin;G:\worksoft\node\;C:\Users\zq953\AppData\Local\Microsoft\WindowsApps;C:\Users\zq953\AppData\Roaming\npm;., surefire.test.class.path=G:\BaiduNetdiskDownload\19 微服务项目【学成在线】\day01 搭建环境 CMS服务端开发\代码\xcEduService01\xcEduService01\test-freemarker\target\test-classes;G:\BaiduNetdiskDownload\19 微服务项目【学成在线】\day01 搭建环境 CMS服务端开发\代码\xcEduService01\xcEduService01\test-freemarker\target\classes;G:\worksoft\repository3\org\springframework\boot\spring-boot-starter-freemarker\2.0.1.RELEASE\spring-boot-starter-freemarker-2.0.1.RELEASE.jar;G:\worksoft\repository3\org\springframework\boot\spring-boot-starter\2.0.1.RELEASE\spring-boot-starter-2.0.1.RELEASE.jar;G:\worksoft\repository3\org\springframework\boot\spring-boot\2.0.1.RELEASE\spring-boot-2.0.1.RELEASE.jar;G:\worksoft\repository3\org\springframework\boot\spring-boot-autoconfigure\2.0.1.RELEASE\spring-boot-autoconfigure-2.0.1.RELEASE.jar;G:\worksoft\repository3\org\springframework\boot\spring-boot-starter-logging\2.0.1.RELEASE\spring-boot-starter-logging-2.0.1.RELEASE.jar;G:\worksoft\repository3\ch\qos\logback\logback-classic\1.2.3\logback-classic-1.2.3.jar;G:\worksoft\repository3\ch\qos\logback\logback-core\1.2.3\logback-core-1.2.3.jar;G:\worksoft\repository3\org\apache\logging\log4j\log4j-to-slf4j\2.10.0\log4j-to-slf4j-2.10.0.jar;G:\worksoft\repository3\org\apache\logging\log4j\log4j-api\2.10.0\log4j-api-2.10.0.jar;G:\worksoft\repository3\org\slf4j\jul-to-slf4j\1.7.25\jul-to-slf4j-1.7.25.jar;G:\worksoft\repository3\javax\annotation\javax.annotation-api\1.3.2\javax.annotation-api-1.3.2.jar;G:\worksoft\repository3\org\yaml\snakeyaml\1.19\snakeyaml-1.19.jar;G:\worksoft\repository3\org\freemarker\freemarker\2.3.28\freemarker-2.3.28.jar;G:\worksoft\repository3\org\springframework\spring-context-support\5.0.5.RELEASE\spring-context-support-5.0.5.RELEASE.jar;G:\worksoft\repository3\org\springframework\spring-beans\5.0.5.RELEASE\spring-beans-5.0.5.RELEASE.jar;G:\worksoft\repository3\org\springframework\spring-context\5.0.5.RELEASE\spring-context-5.0.5.RELEASE.jar;G:\worksoft\repository3\org\springframework\boot\spring-boot-starter-web\2.0.1.RELEASE\spring-boot-starter-web-2.0.1.RELEASE.jar;G:\worksoft\repository3\org\springframework\boot\spring-boot-starter-json\2.0.1.RELEASE\spring-boot-starter-json-2.0.1.RELEASE.jar;G:\worksoft\repository3\com\fasterxml\jackson\core\jackson-databind\2.9.5\jackson-databind-2.9.5.jar;G:\worksoft\repository3\com\fasterxml\jackson\core\jackson-annotations\2.9.0\jackson-annotations-2.9.0.jar;G:\worksoft\repository3\com\fasterxml\jackson\core\jackson-core\2.9.5\jackson-core-2.9.5.jar;G:\worksoft\repository3\com\fasterxml\jackson\datatype\jackson-datatype-jdk8\2.9.5\jackson-datatype-jdk8-2.9.5.jar;G:\worksoft\repository3\com\fasterxml\jackson\datatype\jackson-datatype-jsr310\2.9.5\jackson-datatype-jsr310-2.9.5.jar;G:\worksoft\repository3\com\fasterxml\jackson\module\jackson-module-parameter-names\2.9.5\jackson-module-parameter-names-2.9.5.jar;G:\worksoft\repository3\org\springframework\boot\spring-boot-starter-tomcat\2.0.1.RELEASE\spring-boot-starter-tomcat-2.0.1.RELEASE.jar;G:\worksoft\repository3\org\apache\tomcat\embed\tomcat-embed-core\8.5.28\tomcat-embed-core-8.5.28.jar;G:\worksoft\repository3\org\apache\tomcat\embed\tomcat-embed-el\8.5.28\tomcat-embed-el-8.5.28.jar;G:\worksoft\repository3\org\apache\tomcat\embed\tomcat-embed-websocket\8.5.28\tomcat-embed-websocket-8.5.28.jar;G:\worksoft\repository3\org\hibernate\validator\hibernate-validator\6.0.9.Final\hibernate-validator-6.0.9.Final.jar;G:\worksoft\repository3\javax\validation\validation-api\2.0.1.Final\validation-api-2.0.1.Final.jar;G:\worksoft\repository3\org\jboss\logging\jboss-logging\3.3.2.Final\jboss-logging-3.3.2.Final.jar;G:\worksoft\repository3\com\fasterxml\classmate\1.3.4\classmate-1.3.4.jar;G:\worksoft\repository3\org\springframework\spring-web\5.0.5.RELEASE\spring-web-5.0.5.RELEASE.jar;G:\worksoft\repository3\org\springframework\spring-webmvc\5.0.5.RELEASE\spring-webmvc-5.0.5.RELEASE.jar;G:\worksoft\repository3\org\springframework\spring-aop\5.0.5.RELEASE\spring-aop-5.0.5.RELEASE.jar;G:\worksoft\repository3\org\springframework\spring-expression\5.0.5.RELEASE\spring-expression-5.0.5.RELEASE.jar;G:\worksoft\repository3\org\projectlombok\lombok\1.16.16\lombok-1.16.16.jar;G:\worksoft\repository3\com\squareup\okhttp3\okhttp\3.9.1\okhttp-3.9.1.jar;G:\worksoft\repository3\com\squareup\okio\okio\1.13.0\okio-1.13.0.jar;G:\worksoft\repository3\org\springframework\boot\spring-boot-starter-test\2.0.1.RELEASE\spring-boot-starter-test-2.0.1.RELEASE.jar;G:\worksoft\repository3\org\springframework\boot\spring-boot-test\2.0.1.RELEASE\spring-boot-test-2.0.1.RELEASE.jar;G:\worksoft\repository3\org\springframework\boot\spring-boot-test-autoconfigure\2.0.1.RELEASE\spring-boot-test-autoconfigure-2.0.1.RELEASE.jar;G:\worksoft\repository3\com\jayway\jsonpath\json-path\2.4.0\json-path-2.4.0.jar;G:\worksoft\repository3\net\minidev\json-smart\2.3\json-smart-2.3.jar;G:\worksoft\repository3\net\minidev\accessors-smart\1.2\accessors-smart-1.2.jar;G:\worksoft\repository3\org\ow2\asm\asm\5.0.4\asm-5.0.4.jar;G:\worksoft\repository3\org\slf4j\slf4j-api\1.7.25\slf4j-api-1.7.25.jar;G:\worksoft\repository3\junit\junit\4.12\junit-4.12.jar;G:\worksoft\repository3\org\assertj\assertj-core\3.9.1\assertj-core-3.9.1.jar;G:\worksoft\repository3\org\mockito\mockito-core\2.15.0\mockito-core-2.15.0.jar;G:\worksoft\repository3\net\bytebuddy\byte-buddy\1.7.11\byte-buddy-1.7.11.jar;G:\worksoft\repository3\net\bytebuddy\byte-buddy-agent\1.7.11\byte-buddy-agent-1.7.11.jar;G:\worksoft\repository3\org\objenesis\objenesis\2.6\objenesis-2.6.jar;G:\worksoft\repository3\org\hamcrest\hamcrest-core\1.3\hamcrest-core-1.3.jar;G:\worksoft\repository3\org\hamcrest\hamcrest-library\1.3\hamcrest-library-1.3.jar;G:\worksoft\repository3\org\skyscreamer\jsonassert\1.5.0\jsonassert-1.5.0.jar;G:\worksoft\repository3\com\vaadin\external\google\android-json\0.0.20131108.vaadin1\android-json-0.0.20131108.vaadin1.jar;G:\worksoft\repository3\org\springframework\spring-core\5.0.5.RELEASE\spring-core-5.0.5.RELEASE.jar;G:\worksoft\repository3\org\springframework\spring-jcl\5.0.5.RELEASE\spring-jcl-5.0.5.RELEASE.jar;G:\worksoft\repository3\org\springframework\spring-test\5.0.5.RELEASE\spring-test-5.0.5.RELEASE.jar;G:\worksoft\repository3\org\xmlunit\xmlunit-core\2.5.1\xmlunit-core-2.5.1.jar;G:\worksoft\repository3\commons-io\commons-io\1.3.2\commons-io-1.3.2.jar;, java.specification.name=Java Platform API Specification, java.class.version=52.0, sun.management.compiler=HotSpot 64-Bit Tiered Compilers, maven.repo.local=G:\worksoft\repository3, os.version=10.0, user.home=C:\Users\zq953, user.timezone=GMT+08:00, java.awt.printerjob=sun.awt.windows.WPrinterJob, file.encoding=GBK, java.specification.version=1.8, java.class.path=G:\BaiduNetdiskDownload\19 微服务项目【学成在线】\day01 搭建环境 CMS服务端开发\代码\xcEduService01\xcEduService01\test-freemarker\target\test-classes;G:\BaiduNetdiskDownload\19 微服务项目【学成在线】\day01 搭建环境 CMS服务端开发\代码\xcEduService01\xcEduService01\test-freemarker\target\classes;G:\worksoft\repository3\org\springframework\boot\spring-boot-starter-freemarker\2.0.1.RELEASE\spring-boot-starter-freemarker-2.0.1.RELEASE.jar;G:\worksoft\repository3\org\springframework\boot\spring-boot-starter\2.0.1.RELEASE\spring-boot-starter-2.0.1.RELEASE.jar;G:\worksoft\repository3\org\springframework\boot\spring-boot\2.0.1.RELEASE\spring-boot-2.0.1.RELEASE.jar;G:\worksoft\repository3\org\springframework\boot\spring-boot-autoconfigure\2.0.1.RELEASE\spring-boot-autoconfigure-2.0.1.RELEASE.jar;G:\worksoft\repository3\org\springframework\boot\spring-boot-starter-logging\2.0.1.RELEASE\spring-boot-starter-logging-2.0.1.RELEASE.jar;G:\worksoft\repository3\ch\qos\logback\logback-classic\1.2.3\logback-classic-1.2.3.jar;G:\worksoft\repository3\ch\qos\logback\logback-core\1.2.3\logback-core-1.2.3.jar;G:\worksoft\repository3\org\apache\logging\log4j\log4j-to-slf4j\2.10.0\log4j-to-slf4j-2.10.0.jar;G:\worksoft\repository3\org\apache\logging\log4j\log4j-api\2.10.0\log4j-api-2.10.0.jar;G:\worksoft\repository3\org\slf4j\jul-to-slf4j\1.7.25\jul-to-slf4j-1.7.25.jar;G:\worksoft\repository3\javax\annotation\javax.annotation-api\1.3.2\javax.annotation-api-1.3.2.jar;G:\worksoft\repository3\org\yaml\snakeyaml\1.19\snakeyaml-1.19.jar;G:\worksoft\repository3\org\freemarker\freemarker\2.3.28\freemarker-2.3.28.jar;G:\worksoft\repository3\org\springframework\spring-context-support\5.0.5.RELEASE\spring-context-support-5.0.5.RELEASE.jar;G:\worksoft\repository3\org\springframework\spring-beans\5.0.5.RELEASE\spring-beans-5.0.5.RELEASE.jar;G:\worksoft\repository3\org\springframework\spring-context\5.0.5.RELEASE\spring-context-5.0.5.RELEASE.jar;G:\worksoft\repository3\org\springframework\boot\spring-boot-starter-web\2.0.1.RELEASE\spring-boot-starter-web-2.0.1.RELEASE.jar;G:\worksoft\repository3\org\springframework\boot\spring-boot-starter-json\2.0.1.RELEASE\spring-boot-starter-json-2.0.1.RELEASE.jar;G:\worksoft\repository3\com\fasterxml\jackson\core\jackson-databind\2.9.5\jackson-databind-2.9.5.jar;G:\worksoft\repository3\com\fasterxml\jackson\core\jackson-annotations\2.9.0\jackson-annotations-2.9.0.jar;G:\worksoft\repository3\com\fasterxml\jackson\core\jackson-core\2.9.5\jackson-core-2.9.5.jar;G:\worksoft\repository3\com\fasterxml\jackson\datatype\jackson-datatype-jdk8\2.9.5\jackson-datatype-jdk8-2.9.5.jar;G:\worksoft\repository3\com\fasterxml\jackson\datatype\jackson-datatype-jsr310\2.9.5\jackson-datatype-jsr310-2.9.5.jar;G:\worksoft\repository3\com\fasterxml\jackson\module\jackson-module-parameter-names\2.9.5\jackson-module-parameter-names-2.9.5.jar;G:\worksoft\repository3\org\springframework\boot\spring-boot-starter-tomcat\2.0.1.RELEASE\spring-boot-starter-tomcat-2.0.1.RELEASE.jar;G:\worksoft\repository3\org\apache\tomcat\embed\tomcat-embed-core\8.5.28\tomcat-embed-core-8.5.28.jar;G:\worksoft\repository3\org\apache\tomcat\embed\tomcat-embed-el\8.5.28\tomcat-embed-el-8.5.28.jar;G:\worksoft\repository3\org\apache\tomcat\embed\tomcat-embed-websocket\8.5.28\tomcat-embed-websocket-8.5.28.jar;G:\worksoft\repository3\org\hibernate\validator\hibernate-validator\6.0.9.Final\hibernate-validator-6.0.9.Final.jar;G:\worksoft\repository3\javax\validation\validation-api\2.0.1.Final\validation-api-2.0.1.Final.jar;G:\worksoft\repository3\org\jboss\logging\jboss-logging\3.3.2.Final\jboss-logging-3.3.2.Final.jar;G:\worksoft\repository3\com\fasterxml\classmate\1.3.4\classmate-1.3.4.jar;G:\worksoft\repository3\org\springframework\spring-web\5.0.5.RELEASE\spring-web-5.0.5.RELEASE.jar;G:\worksoft\repository3\org\springframework\spring-webmvc\5.0.5.RELEASE\spring-webmvc-5.0.5.RELEASE.jar;G:\worksoft\repository3\org\springframework\spring-aop\5.0.5.RELEASE\spring-aop-5.0.5.RELEASE.jar;G:\worksoft\repository3\org\springframework\spring-expression\5.0.5.RELEASE\spring-expression-5.0.5.RELEASE.jar;G:\worksoft\repository3\org\projectlombok\lombok\1.16.16\lombok-1.16.16.jar;G:\worksoft\repository3\com\squareup\okhttp3\okhttp\3.9.1\okhttp-3.9.1.jar;G:\worksoft\repository3\com\squareup\okio\okio\1.13.0\okio-1.13.0.jar;G:\worksoft\repository3\org\springframework\boot\spring-boot-starter-test\2.0.1.RELEASE\spring-boot-starter-test-2.0.1.RELEASE.jar;G:\worksoft\repository3\org\springframework\boot\spring-boot-test\2.0.1.RELEASE\spring-boot-test-2.0.1.RELEASE.jar;G:\worksoft\repository3\org\springframework\boot\spring-boot-test-autoconfigure\2.0.1.RELEASE\spring-boot-test-autoconfigure-2.0.1.RELEASE.jar;G:\worksoft\repository3\com\jayway\jsonpath\json-path\2.4.0\json-path-2.4.0.jar;G:\worksoft\repository3\net\minidev\json-smart\2.3\json-smart-2.3.jar;G:\worksoft\repository3\net\minidev\accessors-smart\1.2\accessors-smart-1.2.jar;G:\worksoft\repository3\org\ow2\asm\asm\5.0.4\asm-5.0.4.jar;G:\worksoft\repository3\org\slf4j\slf4j-api\1.7.25\slf4j-api-1.7.25.jar;G:\worksoft\repository3\junit\junit\4.12\junit-4.12.jar;G:\worksoft\repository3\org\assertj\assertj-core\3.9.1\assertj-core-3.9.1.jar;G:\worksoft\repository3\org\mockito\mockito-core\2.15.0\mockito-core-2.15.0.jar;G:\worksoft\repository3\net\bytebuddy\byte-buddy\1.7.11\byte-buddy-1.7.11.jar;G:\worksoft\repository3\net\bytebuddy\byte-buddy-agent\1.7.11\byte-buddy-agent-1.7.11.jar;G:\worksoft\repository3\org\objenesis\objenesis\2.6\objenesis-2.6.jar;G:\worksoft\repository3\org\hamcrest\hamcrest-core\1.3\hamcrest-core-1.3.jar;G:\worksoft\repository3\org\hamcrest\hamcrest-library\1.3\hamcrest-library-1.3.jar;G:\worksoft\repository3\org\skyscreamer\jsonassert\1.5.0\jsonassert-1.5.0.jar;G:\worksoft\repository3\com\vaadin\external\google\android-json\0.0.20131108.vaadin1\android-json-0.0.20131108.vaadin1.jar;G:\worksoft\repository3\org\springframework\spring-core\5.0.5.RELEASE\spring-core-5.0.5.RELEASE.jar;G:\worksoft\repository3\org\springframework\spring-jcl\5.0.5.RELEASE\spring-jcl-5.0.5.RELEASE.jar;G:\worksoft\repository3\org\springframework\spring-test\5.0.5.RELEASE\spring-test-5.0.5.RELEASE.jar;G:\worksoft\repository3\org\xmlunit\xmlunit-core\2.5.1\xmlunit-core-2.5.1.jar;G:\worksoft\repository3\commons-io\commons-io\1.3.2\commons-io-1.3.2.jar;, user.name=zq953, java.vm.specification.version=1.8, sun.java.command=C:\Users\zq953\AppData\Local\Temp\surefire2981985329894730121\surefirebooter3839258065017113844.jar C:\Users\zq953\AppData\Local\Temp\surefire2981985329894730121 2019-08-17T08-53-17_008-jvmRun1 surefire4582617065835121212tmp surefire_06460651771861195709tmp, java.home=G:\jdk1.8\jre, sun.arch.data.model=64, user.language=zh, java.specification.vendor=Oracle Corporation, awt.toolkit=sun.awt.windows.WToolkit, java.vm.info=mixed mode, java.version=1.8.0_144, java.ext.dirs=G:\jdk1.8\jre\lib\ext;C:\WINDOWS\Sun\Java\lib\ext, sun.boot.class.path=G:\jdk1.8\jre\lib\resources.jar;G:\jdk1.8\jre\lib\rt.jar;G:\jdk1.8\jre\lib\sunrsasign.jar;G:\jdk1.8\jre\lib\jsse.jar;G:\jdk1.8\jre\lib\jce.jar;G:\jdk1.8\jre\lib\charsets.jar;G:\jdk1.8\jre\lib\jfr.jar;G:\jdk1.8\jre\classes, java.vendor=Oracle Corporation, localRepository=G:\worksoft\repository3, file.separator=\, java.vendor.url.bug=http://bugreport.sun.com/bugreport/, sun.io.unicode.encoding=UnicodeLittle, sun.cpu.endian=little, sun.desktop=windows, sun.cpu.isalist=amd64}}, SystemEnvironmentPropertySource@1891546521 {name='systemEnvironment', properties={PATH=C:\ProgramData\Oracle\Java\javapath;C:\Program Files (x86)\Common Files\Oracle\Java\javapath;C:\Program Files (x86)\Intel\iCLS Client\;C:\Program Files\Intel\iCLS Client\;C:\Windows\system32;C:\Windows;C:\Windows\System32\Wbem;C:\Windows\System32\WindowsPowerShell\v1.0\;C:\Program Files (x86)\NVIDIA Corporation\PhysX\Common;C:\Program Files (x86)\Intel\Intel(R) Management Engine Components\DAL;C:\Program Files\Intel\Intel(R) Management Engine Components\DAL;C:\Program Files (x86)\Intel\Intel(R) Management Engine Components\IPT;C:\Program Files\Intel\Intel(R) Management Engine Components\IPT;C:\Program Files\Intel\WiFi\bin\;C:\Program Files\Common Files\Intel\WirelessCommon\;C:\WINDOWS\system32;C:\WINDOWS;C:\WINDOWS\System32\Wbem;C:\WINDOWS\System32\WindowsPowerShell\v1.0\;C:\WINDOWS\System32\OpenSSH\;G:\learnJAVA\bin;G:\worksoft\MySQL\bin;G:\worksoft\apache-maven-3.5.2\bin;G:\jdk1.8\bin;C:\Program Files\Git\cmd;C:\Program Files\TortoiseGit\bin;G:\worksoft\node\;C:\Users\zq953\AppData\Local\Microsoft\WindowsApps;C:\Users\zq953\AppData\Roaming\npm, USERDOMAIN_ROAMINGPROFILE=MSI, PROCESSOR_LEVEL=6, SYSTEMDRIVE=C:, SESSIONNAME=Console, ALLUSERSPROFILE=C:\ProgramData, PROCESSOR_ARCHITECTURE=AMD64, DRIVERDATA=C:\Windows\System32\Drivers\DriverData, JAVA_1.8=G:\jdk1.8, MAVEN_HOME=G:\worksoft\apache-maven-3.5.2, PROGRAMFILES=C:\Program Files, PSMODULEPATH=C:\Program Files\WindowsPowerShell\Modules;C:\WINDOWS\system32\WindowsPowerShell\v1.0\Modules, PROGRAMDATA=C:\ProgramData, USERNAME=zq953, FPS_BROWSER_USER_PROFILE_STRING=Default, ONEDRIVE=C:\Users\zq953\OneDrive, CONFIGSETROOT=C:\WINDOWS\ConfigSetRoot, PATHEXT=.COM;.EXE;.BAT;.CMD;.VBS;.VBE;.JS;.JSE;.WSF;.WSH;.MSC, WINDIR=C:\WINDOWS, HOMEPATH=\Users\zq953, PROCESSOR_IDENTIFIER=Intel64 Family 6 Model 158 Stepping 9, GenuineIntel, PUBLIC=C:\Users\Public, =::=::\, LOCALAPPDATA=C:\Users\zq953\AppData\Local, COMMONPROGRAMFILES(X86)=C:\Program Files (x86)\Common Files, USERDOMAIN=MSI, FPS_BROWSER_APP_PROFILE_STRING=Internet Explorer, LOGONSERVER=\\MSI, JAVA_HOME=G:\learnJAVA, PROMPT=$P$G, PROGRAMFILES(X86)=C:\Program Files (x86), ASL.LOG=Destination=file, =G:=G:\BaiduNetdiskDownload\19 微服务项目【学成在线】\day01 搭建环境 CMS服务端开发\代码\xcEduService01\xcEduService01\test-freemarker, APPDATA=C:\Users\zq953\AppData\Roaming, PROGRAMW6432=C:\Program Files, SYSTEMROOT=C:\WINDOWS, OS=Windows_NT, COMMONPROGRAMW6432=C:\Program Files\Common Files, COMPUTERNAME=MSI, COMMONPROGRAMFILES=C:\Program Files\Common Files, COMSPEC=C:\WINDOWS\system32\cmd.exe, PROCESSOR_REVISION=9e09, CLASSPATH=G:\learnJAVA\jre\lib\rt.jar;.;, NLS_LANG=AMERICAN_AMERICA.ZHS16GBK, TEMP=C:\Users\zq953\AppData\Local\Temp, HOMEDRIVE=C:, USERPROFILE=C:\Users\zq953, TMP=C:\Users\zq953\AppData\Local\Temp, NUMBER_OF_PROCESSORS=8}}]
08:53:30.593 [main] DEBUG org.springframework.core.io.support.PathMatchingResourcePatternResolver - Resolved classpath location [com/xuecheng/test/freemarker/] to resources [URL [file:/G:/BaiduNetdiskDownload/19%20%E5%BE%AE%E6%9C%8D%E5%8A%A1%E9%A1%B9%E7%9B%AE%E3%80%90%E5%AD%A6%E6%88%90%E5%9C%A8%E7%BA%BF%E3%80%91/day01%20%E6%90%AD%E5%BB%BA%E7%8E%AF%E5%A2%83%20CMS%E6%9C%8D%E5%8A%A1%E7%AB%AF%E5%BC%80%E5%8F%91/%E4%BB%A3%E7%A0%81/xcEduService01/xcEduService01/test-freemarker/target/test-classes/com/xuecheng/test/freemarker/], URL [file:/G:/BaiduNetdiskDownload/19%20%E5%BE%AE%E6%9C%8D%E5%8A%A1%E9%A1%B9%E7%9B%AE%E3%80%90%E5%AD%A6%E6%88%90%E5%9C%A8%E7%BA%BF%E3%80%91/day01%20%E6%90%AD%E5%BB%BA%E7%8E%AF%E5%A2%83%20CMS%E6%9C%8D%E5%8A%A1%E7%AB%AF%E5%BC%80%E5%8F%91/%E4%BB%A3%E7%A0%81/xcEduService01/xcEduService01/test-freemarker/target/classes/com/xuecheng/test/freemarker/]]
08:53:30.593 [main] DEBUG org.springframework.core.io.support.PathMatchingResourcePatternResolver - Looking for matching resources in directory tree [G:\BaiduNetdiskDownload\19 微服务项目【学成在线】\day01 搭建环境 CMS服务端开发\代码\xcEduService01\xcEduService01\test-freemarker\target\test-classes\com\xuecheng\test\freemarker]
08:53:30.595 [main] DEBUG org.springframework.core.io.support.PathMatchingResourcePatternResolver - Searching directory [G:\BaiduNetdiskDownload\19 微服务项目【学成在线】\day01 搭建环境 CMS服务端开发\代码\xcEduService01\xcEduService01\test-freemarker\target\test-classes\com\xuecheng\test\freemarker] for files matching pattern [G:/BaiduNetdiskDownload/19 微服务项目【学成在线】/day01 搭建环境 CMS服务端开发/代码/xcEduService01/xcEduService01/test-freemarker/target/test-classes/com/xuecheng/test/freemarker/*.class]
08:53:30.600 [main] DEBUG org.springframework.core.io.support.PathMatchingResourcePatternResolver - Looking for matching resources in directory tree [G:\BaiduNetdiskDownload\19 微服务项目【学成在线】\day01 搭建环境 CMS服务端开发\代码\xcEduService01\xcEduService01\test-freemarker\target\classes\com\xuecheng\test\freemarker]
08:53:30.600 [main] DEBUG org.springframework.core.io.support.PathMatchingResourcePatternResolver - Searching directory [G:\BaiduNetdiskDownload\19 微服务项目【学成在线】\day01 搭建环境 CMS服务端开发\代码\xcEduService01\xcEduService01\test-freemarker\target\classes\com\xuecheng\test\freemarker] for files matching pattern [G:/BaiduNetdiskDownload/19 微服务项目【学成在线】/day01 搭建环境 CMS服务端开发/代码/xcEduService01/xcEduService01/test-freemarker/target/classes/com/xuecheng/test/freemarker/*.class]
08:53:30.601 [main] DEBUG org.springframework.core.io.support.PathMatchingResourcePatternResolver - Resolved location pattern [classpath*:com/xuecheng/test/freemarker/*.class] to resources [file [G:\BaiduNetdiskDownload\19 微服务项目【学成在线】\day01 搭建环境 CMS服务端开发\代码\xcEduService01\xcEduService01\test-freemarker\target\test-classes\com\xuecheng\test\freemarker\FreemarkerTest.class], file [G:\BaiduNetdiskDownload\19 微服务项目【学成在线】\day01 搭建环境 CMS服务端开发\代码\xcEduService01\xcEduService01\test-freemarker\target\test-classes\com\xuecheng\test\freemarker\testRestTemplate.class], file [G:\BaiduNetdiskDownload\19 微服务项目【学成在线】\day01 搭建环境 CMS服务端开发\代码\xcEduService01\xcEduService01\test-freemarker\target\classes\com\xuecheng\test\freemarker\FreemarkerTestApplication.class]]
08:53:30.661 [main] DEBUG org.springframework.context.annotation.ClassPathScanningCandidateComponentProvider - Identified candidate component class: file [G:\BaiduNetdiskDownload\19 微服务项目【学成在线】\day01 搭建环境 CMS服务端开发\代码\xcEduService01\xcEduService01\test-freemarker\target\classes\com\xuecheng\test\freemarker\FreemarkerTestApplication.class]
08:53:30.664 [main] INFO org.springframework.boot.test.context.SpringBootTestContextBootstrapper - Found @SpringBootConfiguration com.xuecheng.test.freemarker.FreemarkerTestApplication for test class com.xuecheng.test.freemarker.FreemarkerTest
08:53:30.764 [main] DEBUG org.springframework.boot.test.context.SpringBootTestContextBootstrapper - @TestExecutionListeners is not present for class [com.xuecheng.test.freemarker.FreemarkerTest]: using defaults.
08:53:30.789 [main] INFO org.springframework.boot.test.context.SpringBootTestContextBootstrapper - Loaded default TestExecutionListener class names from location [META-INF/spring.factories]: [org.springframework.boot.test.mock.mockito.MockitoTestExecutionListener, org.springframework.boot.test.mock.mockito.ResetMocksTestExecutionListener, org.springframework.boot.test.autoconfigure.restdocs.RestDocsTestExecutionListener, org.springframework.boot.test.autoconfigure.web.client.MockRestServiceServerResetTestExecutionListener, org.springframework.boot.test.autoconfigure.web.servlet.MockMvcPrintOnlyOnFailureTestExecutionListener, org.springframework.boot.test.autoconfigure.web.servlet.WebDriverTestExecutionListener, org.springframework.test.context.web.ServletTestExecutionListener, org.springframework.test.context.support.DirtiesContextBeforeModesTestExecutionListener, org.springframework.test.context.support.DependencyInjectionTestExecutionListener, org.springframework.test.context.support.DirtiesContextTestExecutionListener, org.springframework.test.context.transaction.TransactionalTestExecutionListener, org.springframework.test.context.jdbc.SqlScriptsTestExecutionListener]
08:53:30.836 [main] DEBUG org.springframework.boot.test.context.SpringBootTestContextBootstrapper - Skipping candidate TestExecutionListener [org.springframework.test.context.transaction.TransactionalTestExecutionListener] due to a missing dependency. Specify custom listener classes or make the default listener classes and their required dependencies available. Offending class: [org/springframework/transaction/interceptor/TransactionAttributeSource]
08:53:30.836 [main] DEBUG org.springframework.boot.test.context.SpringBootTestContextBootstrapper - Skipping candidate TestExecutionListener [org.springframework.test.context.jdbc.SqlScriptsTestExecutionListener] due to a missing dependency. Specify custom listener classes or make the default listener classes and their required dependencies available. Offending class: [org/springframework/transaction/interceptor/TransactionAttribute]
08:53:30.837 [main] INFO org.springframework.boot.test.context.SpringBootTestContextBootstrapper - Using TestExecutionListeners: [org.springframework.test.context.web.ServletTestExecutionListener@3eb738bb, org.springframework.test.context.support.DirtiesContextBeforeModesTestExecutionListener@5bda8e08, org.springframework.boot.test.mock.mockito.MockitoTestExecutionListener@1e800aaa, org.springframework.boot.test.autoconfigure.SpringBootDependencyInjectionTestExecutionListener@185a6e9, org.springframework.test.context.support.DirtiesContextTestExecutionListener@6f03482, org.springframework.boot.test.mock.mockito.ResetMocksTestExecutionListener@9d5509a, org.springframework.boot.test.autoconfigure.restdocs.RestDocsTestExecutionListener@179ece50, org.springframework.boot.test.autoconfigure.web.client.MockRestServiceServerResetTestExecutionListener@3b0090a4, org.springframework.boot.test.autoconfigure.web.servlet.MockMvcPrintOnlyOnFailureTestExecutionListener@3cd3e762, org.springframework.boot.test.autoconfigure.web.servlet.WebDriverTestExecutionListener@1fa121e2]
08:53:30.840 [main] DEBUG org.springframework.test.annotation.ProfileValueUtils - Retrieved @ProfileValueSourceConfiguration [null] for test class [com.xuecheng.test.freemarker.FreemarkerTest]
08:53:30.841 [main] DEBUG org.springframework.test.annotation.ProfileValueUtils - Retrieved ProfileValueSource type [class org.springframework.test.annotation.SystemProfileValueSource] for class [com.xuecheng.test.freemarker.FreemarkerTest]
08:53:30.844 [main] DEBUG org.springframework.test.annotation.ProfileValueUtils - Retrieved @ProfileValueSourceConfiguration [null] for test class [com.xuecheng.test.freemarker.FreemarkerTest]
08:53:30.844 [main] DEBUG org.springframework.test.annotation.ProfileValueUtils - Retrieved ProfileValueSource type [class org.springframework.test.annotation.SystemProfileValueSource] for class [com.xuecheng.test.freemarker.FreemarkerTest]
08:53:30.854 [main] DEBUG org.springframework.test.annotation.ProfileValueUtils - Retrieved @ProfileValueSourceConfiguration [null] for test class [com.xuecheng.test.freemarker.FreemarkerTest]
08:53:30.854 [main] DEBUG org.springframework.test.annotation.ProfileValueUtils - Retrieved ProfileValueSource type [class org.springframework.test.annotation.SystemProfileValueSource] for class [com.xuecheng.test.freemarker.FreemarkerTest]
08:53:30.860 [main] DEBUG org.springframework.test.context.support.AbstractDirtiesContextTestExecutionListener - Before test class: context [DefaultTestContext@3a52dba3 testClass = FreemarkerTest, testInstance = [null], testMethod = [null], testException = [null], mergedContextConfiguration = [WebMergedContextConfiguration@2a5c8d3f testClass = FreemarkerTest, locations = '{}', classes = '{class com.xuecheng.test.freemarker.FreemarkerTestApplication}', contextInitializerClasses = '[]', activeProfiles = '{}', propertySourceLocations = '{}', propertySourceProperties = '{org.springframework.boot.test.context.SpringBootTestContextBootstrapper=true}', contextCustomizers = set[org.springframework.boot.test.context.filter.ExcludeFilterContextCustomizer@31f924f5, org.springframework.boot.test.json.DuplicateJsonObjectContextCustomizerFactory$DuplicateJsonObjectContextCustomizer@4fcd19b3, org.springframework.boot.test.mock.mockito.MockitoContextCustomizer@0, org.springframework.boot.test.web.client.TestRestTemplateContextCustomizer@4b53f538, org.springframework.boot.test.autoconfigure.properties.PropertyMappingContextCustomizer@0, org.springframework.boot.test.autoconfigure.web.servlet.WebDriverContextCustomizerFactory$Customizer@1d7acb34], resourceBasePath = 'src/main/webapp', contextLoader = 'org.springframework.boot.test.context.SpringBootContextLoader', parent = [null]], attributes = map['org.springframework.test.context.web.ServletTestExecutionListener.activateListener' -> true]], class annotated with @DirtiesContext [false] with mode [null].
08:53:30.861 [main] DEBUG org.springframework.test.annotation.ProfileValueUtils - Retrieved @ProfileValueSourceConfiguration [null] for test class [com.xuecheng.test.freemarker.FreemarkerTest]
08:53:30.861 [main] DEBUG org.springframework.test.annotation.ProfileValueUtils - Retrieved ProfileValueSource type [class org.springframework.test.annotation.SystemProfileValueSource] for class [com.xuecheng.test.freemarker.FreemarkerTest]
08:53:30.895 [main] DEBUG org.springframework.core.env.StandardEnvironment - Adding PropertySource 'systemProperties' with lowest search precedence
08:53:30.895 [main] DEBUG org.springframework.core.env.StandardEnvironment - Adding PropertySource 'systemEnvironment' with lowest search precedence
08:53:30.895 [main] DEBUG org.springframework.core.env.StandardEnvironment - Initialized StandardEnvironment with PropertySources [MapPropertySource@279593458 {name='systemProperties', properties={idea.version=2017.3.4, java.runtime.name=Java(TM) SE Runtime Environment, sun.boot.library.path=G:\jdk1.8\jre\bin, java.vm.version=25.144-b01, java.vm.vendor=Oracle Corporation, java.vendor.url=http://java.oracle.com/, path.separator=;, java.vm.name=Java HotSpot(TM) 64-Bit Server VM, file.encoding.pkg=sun.io, user.country=CN, user.script=, sun.java.launcher=SUN_STANDARD, sun.os.patch.level=, java.vm.specification.name=Java Virtual Machine Specification, user.dir=G:\BaiduNetdiskDownload\19 微服务项目【学成在线】\day01 搭建环境 CMS服务端开发\代码\xcEduService01\xcEduService01\test-freemarker, java.runtime.version=1.8.0_144-b01, basedir=G:\BaiduNetdiskDownload\19 微服务项目【学成在线】\day01 搭建环境 CMS服务端开发\代码\xcEduService01\xcEduService01\test-freemarker, java.awt.graphicsenv=sun.awt.Win32GraphicsEnvironment, java.endorsed.dirs=G:\jdk1.8\jre\lib\endorsed, os.arch=amd64, surefire.real.class.path=C:\Users\zq953\AppData\Local\Temp\surefire2981985329894730121\surefirebooter3839258065017113844.jar, java.io.tmpdir=C:\Users\zq953\AppData\Local\Temp\, line.separator=
, java.vm.specification.vendor=Oracle Corporation, user.variant=, os.name=Windows 10, sun.jnu.encoding=GBK, java.library.path=G:\jdk1.8\jre\bin;C:\WINDOWS\Sun\Java\bin;C:\WINDOWS\system32;C:\WINDOWS;C:\ProgramData\Oracle\Java\javapath;C:\Program Files (x86)\Common Files\Oracle\Java\javapath;C:\Program Files (x86)\Intel\iCLS Client\;C:\Program Files\Intel\iCLS Client\;C:\Windows\system32;C:\Windows;C:\Windows\System32\Wbem;C:\Windows\System32\WindowsPowerShell\v1.0\;C:\Program Files (x86)\NVIDIA Corporation\PhysX\Common;C:\Program Files (x86)\Intel\Intel(R) Management Engine Components\DAL;C:\Program Files\Intel\Intel(R) Management Engine Components\DAL;C:\Program Files (x86)\Intel\Intel(R) Management Engine Components\IPT;C:\Program Files\Intel\Intel(R) Management Engine Components\IPT;C:\Program Files\Intel\WiFi\bin\;C:\Program Files\Common Files\Intel\WirelessCommon\;C:\WINDOWS\system32;C:\WINDOWS;C:\WINDOWS\System32\Wbem;C:\WINDOWS\System32\WindowsPowerShell\v1.0\;C:\WINDOWS\System32\OpenSSH\;G:\learnJAVA\bin;G:\worksoft\MySQL\bin;G:\worksoft\apache-maven-3.5.2\bin;G:\jdk1.8\bin;C:\Program Files\Git\cmd;C:\Program Files\TortoiseGit\bin;G:\worksoft\node\;C:\Users\zq953\AppData\Local\Microsoft\WindowsApps;C:\Users\zq953\AppData\Roaming\npm;., surefire.test.class.path=G:\BaiduNetdiskDownload\19 微服务项目【学成在线】\day01 搭建环境 CMS服务端开发\代码\xcEduService01\xcEduService01\test-freemarker\target\test-classes;G:\BaiduNetdiskDownload\19 微服务项目【学成在线】\day01 搭建环境 CMS服务端开发\代码\xcEduService01\xcEduService01\test-freemarker\target\classes;G:\worksoft\repository3\org\springframework\boot\spring-boot-starter-freemarker\2.0.1.RELEASE\spring-boot-starter-freemarker-2.0.1.RELEASE.jar;G:\worksoft\repository3\org\springframework\boot\spring-boot-starter\2.0.1.RELEASE\spring-boot-starter-2.0.1.RELEASE.jar;G:\worksoft\repository3\org\springframework\boot\spring-boot\2.0.1.RELEASE\spring-boot-2.0.1.RELEASE.jar;G:\worksoft\repository3\org\springframework\boot\spring-boot-autoconfigure\2.0.1.RELEASE\spring-boot-autoconfigure-2.0.1.RELEASE.jar;G:\worksoft\repository3\org\springframework\boot\spring-boot-starter-logging\2.0.1.RELEASE\spring-boot-starter-logging-2.0.1.RELEASE.jar;G:\worksoft\repository3\ch\qos\logback\logback-classic\1.2.3\logback-classic-1.2.3.jar;G:\worksoft\repository3\ch\qos\logback\logback-core\1.2.3\logback-core-1.2.3.jar;G:\worksoft\repository3\org\apache\logging\log4j\log4j-to-slf4j\2.10.0\log4j-to-slf4j-2.10.0.jar;G:\worksoft\repository3\org\apache\logging\log4j\log4j-api\2.10.0\log4j-api-2.10.0.jar;G:\worksoft\repository3\org\slf4j\jul-to-slf4j\1.7.25\jul-to-slf4j-1.7.25.jar;G:\worksoft\repository3\javax\annotation\javax.annotation-api\1.3.2\javax.annotation-api-1.3.2.jar;G:\worksoft\repository3\org\yaml\snakeyaml\1.19\snakeyaml-1.19.jar;G:\worksoft\repository3\org\freemarker\freemarker\2.3.28\freemarker-2.3.28.jar;G:\worksoft\repository3\org\springframework\spring-context-support\5.0.5.RELEASE\spring-context-support-5.0.5.RELEASE.jar;G:\worksoft\repository3\org\springframework\spring-beans\5.0.5.RELEASE\spring-beans-5.0.5.RELEASE.jar;G:\worksoft\repository3\org\springframework\spring-context\5.0.5.RELEASE\spring-context-5.0.5.RELEASE.jar;G:\worksoft\repository3\org\springframework\boot\spring-boot-starter-web\2.0.1.RELEASE\spring-boot-starter-web-2.0.1.RELEASE.jar;G:\worksoft\repository3\org\springframework\boot\spring-boot-starter-json\2.0.1.RELEASE\spring-boot-starter-json-2.0.1.RELEASE.jar;G:\worksoft\repository3\com\fasterxml\jackson\core\jackson-databind\2.9.5\jackson-databind-2.9.5.jar;G:\worksoft\repository3\com\fasterxml\jackson\core\jackson-annotations\2.9.0\jackson-annotations-2.9.0.jar;G:\worksoft\repository3\com\fasterxml\jackson\core\jackson-core\2.9.5\jackson-core-2.9.5.jar;G:\worksoft\repository3\com\fasterxml\jackson\datatype\jackson-datatype-jdk8\2.9.5\jackson-datatype-jdk8-2.9.5.jar;G:\worksoft\repository3\com\fasterxml\jackson\datatype\jackson-datatype-jsr310\2.9.5\jackson-datatype-jsr310-2.9.5.jar;G:\worksoft\repository3\com\fasterxml\jackson\module\jackson-module-parameter-names\2.9.5\jackson-module-parameter-names-2.9.5.jar;G:\worksoft\repository3\org\springframework\boot\spring-boot-starter-tomcat\2.0.1.RELEASE\spring-boot-starter-tomcat-2.0.1.RELEASE.jar;G:\worksoft\repository3\org\apache\tomcat\embed\tomcat-embed-core\8.5.28\tomcat-embed-core-8.5.28.jar;G:\worksoft\repository3\org\apache\tomcat\embed\tomcat-embed-el\8.5.28\tomcat-embed-el-8.5.28.jar;G:\worksoft\repository3\org\apache\tomcat\embed\tomcat-embed-websocket\8.5.28\tomcat-embed-websocket-8.5.28.jar;G:\worksoft\repository3\org\hibernate\validator\hibernate-validator\6.0.9.Final\hibernate-validator-6.0.9.Final.jar;G:\worksoft\repository3\javax\validation\validation-api\2.0.1.Final\validation-api-2.0.1.Final.jar;G:\worksoft\repository3\org\jboss\logging\jboss-logging\3.3.2.Final\jboss-logging-3.3.2.Final.jar;G:\worksoft\repository3\com\fasterxml\classmate\1.3.4\classmate-1.3.4.jar;G:\worksoft\repository3\org\springframework\spring-web\5.0.5.RELEASE\spring-web-5.0.5.RELEASE.jar;G:\worksoft\repository3\org\springframework\spring-webmvc\5.0.5.RELEASE\spring-webmvc-5.0.5.RELEASE.jar;G:\worksoft\repository3\org\springframework\spring-aop\5.0.5.RELEASE\spring-aop-5.0.5.RELEASE.jar;G:\worksoft\repository3\org\springframework\spring-expression\5.0.5.RELEASE\spring-expression-5.0.5.RELEASE.jar;G:\worksoft\repository3\org\projectlombok\lombok\1.16.16\lombok-1.16.16.jar;G:\worksoft\repository3\com\squareup\okhttp3\okhttp\3.9.1\okhttp-3.9.1.jar;G:\worksoft\repository3\com\squareup\okio\okio\1.13.0\okio-1.13.0.jar;G:\worksoft\repository3\org\springframework\boot\spring-boot-starter-test\2.0.1.RELEASE\spring-boot-starter-test-2.0.1.RELEASE.jar;G:\worksoft\repository3\org\springframework\boot\spring-boot-test\2.0.1.RELEASE\spring-boot-test-2.0.1.RELEASE.jar;G:\worksoft\repository3\org\springframework\boot\spring-boot-test-autoconfigure\2.0.1.RELEASE\spring-boot-test-autoconfigure-2.0.1.RELEASE.jar;G:\worksoft\repository3\com\jayway\jsonpath\json-path\2.4.0\json-path-2.4.0.jar;G:\worksoft\repository3\net\minidev\json-smart\2.3\json-smart-2.3.jar;G:\worksoft\repository3\net\minidev\accessors-smart\1.2\accessors-smart-1.2.jar;G:\worksoft\repository3\org\ow2\asm\asm\5.0.4\asm-5.0.4.jar;G:\worksoft\repository3\org\slf4j\slf4j-api\1.7.25\slf4j-api-1.7.25.jar;G:\worksoft\repository3\junit\junit\4.12\junit-4.12.jar;G:\worksoft\repository3\org\assertj\assertj-core\3.9.1\assertj-core-3.9.1.jar;G:\worksoft\repository3\org\mockito\mockito-core\2.15.0\mockito-core-2.15.0.jar;G:\worksoft\repository3\net\bytebuddy\byte-buddy\1.7.11\byte-buddy-1.7.11.jar;G:\worksoft\repository3\net\bytebuddy\byte-buddy-agent\1.7.11\byte-buddy-agent-1.7.11.jar;G:\worksoft\repository3\org\objenesis\objenesis\2.6\objenesis-2.6.jar;G:\worksoft\repository3\org\hamcrest\hamcrest-core\1.3\hamcrest-core-1.3.jar;G:\worksoft\repository3\org\hamcrest\hamcrest-library\1.3\hamcrest-library-1.3.jar;G:\worksoft\repository3\org\skyscreamer\jsonassert\1.5.0\jsonassert-1.5.0.jar;G:\worksoft\repository3\com\vaadin\external\google\android-json\0.0.20131108.vaadin1\android-json-0.0.20131108.vaadin1.jar;G:\worksoft\repository3\org\springframework\spring-core\5.0.5.RELEASE\spring-core-5.0.5.RELEASE.jar;G:\worksoft\repository3\org\springframework\spring-jcl\5.0.5.RELEASE\spring-jcl-5.0.5.RELEASE.jar;G:\worksoft\repository3\org\springframework\spring-test\5.0.5.RELEASE\spring-test-5.0.5.RELEASE.jar;G:\worksoft\repository3\org\xmlunit\xmlunit-core\2.5.1\xmlunit-core-2.5.1.jar;G:\worksoft\repository3\commons-io\commons-io\1.3.2\commons-io-1.3.2.jar;, java.specification.name=Java Platform API Specification, java.class.version=52.0, sun.management.compiler=HotSpot 64-Bit Tiered Compilers, maven.repo.local=G:\worksoft\repository3, os.version=10.0, user.home=C:\Users\zq953, user.timezone=GMT+08:00, java.awt.printerjob=sun.awt.windows.WPrinterJob, file.encoding=GBK, java.specification.version=1.8, java.class.path=G:\BaiduNetdiskDownload\19 微服务项目【学成在线】\day01 搭建环境 CMS服务端开发\代码\xcEduService01\xcEduService01\test-freemarker\target\test-classes;G:\BaiduNetdiskDownload\19 微服务项目【学成在线】\day01 搭建环境 CMS服务端开发\代码\xcEduService01\xcEduService01\test-freemarker\target\classes;G:\worksoft\repository3\org\springframework\boot\spring-boot-starter-freemarker\2.0.1.RELEASE\spring-boot-starter-freemarker-2.0.1.RELEASE.jar;G:\worksoft\repository3\org\springframework\boot\spring-boot-starter\2.0.1.RELEASE\spring-boot-starter-2.0.1.RELEASE.jar;G:\worksoft\repository3\org\springframework\boot\spring-boot\2.0.1.RELEASE\spring-boot-2.0.1.RELEASE.jar;G:\worksoft\repository3\org\springframework\boot\spring-boot-autoconfigure\2.0.1.RELEASE\spring-boot-autoconfigure-2.0.1.RELEASE.jar;G:\worksoft\repository3\org\springframework\boot\spring-boot-starter-logging\2.0.1.RELEASE\spring-boot-starter-logging-2.0.1.RELEASE.jar;G:\worksoft\repository3\ch\qos\logback\logback-classic\1.2.3\logback-classic-1.2.3.jar;G:\worksoft\repository3\ch\qos\logback\logback-core\1.2.3\logback-core-1.2.3.jar;G:\worksoft\repository3\org\apache\logging\log4j\log4j-to-slf4j\2.10.0\log4j-to-slf4j-2.10.0.jar;G:\worksoft\repository3\org\apache\logging\log4j\log4j-api\2.10.0\log4j-api-2.10.0.jar;G:\worksoft\repository3\org\slf4j\jul-to-slf4j\1.7.25\jul-to-slf4j-1.7.25.jar;G:\worksoft\repository3\javax\annotation\javax.annotation-api\1.3.2\javax.annotation-api-1.3.2.jar;G:\worksoft\repository3\org\yaml\snakeyaml\1.19\snakeyaml-1.19.jar;G:\worksoft\repository3\org\freemarker\freemarker\2.3.28\freemarker-2.3.28.jar;G:\worksoft\repository3\org\springframework\spring-context-support\5.0.5.RELEASE\spring-context-support-5.0.5.RELEASE.jar;G:\worksoft\repository3\org\springframework\spring-beans\5.0.5.RELEASE\spring-beans-5.0.5.RELEASE.jar;G:\worksoft\repository3\org\springframework\spring-context\5.0.5.RELEASE\spring-context-5.0.5.RELEASE.jar;G:\worksoft\repository3\org\springframework\boot\spring-boot-starter-web\2.0.1.RELEASE\spring-boot-starter-web-2.0.1.RELEASE.jar;G:\worksoft\repository3\org\springframework\boot\spring-boot-starter-json\2.0.1.RELEASE\spring-boot-starter-json-2.0.1.RELEASE.jar;G:\worksoft\repository3\com\fasterxml\jackson\core\jackson-databind\2.9.5\jackson-databind-2.9.5.jar;G:\worksoft\repository3\com\fasterxml\jackson\core\jackson-annotations\2.9.0\jackson-annotations-2.9.0.jar;G:\worksoft\repository3\com\fasterxml\jackson\core\jackson-core\2.9.5\jackson-core-2.9.5.jar;G:\worksoft\repository3\com\fasterxml\jackson\datatype\jackson-datatype-jdk8\2.9.5\jackson-datatype-jdk8-2.9.5.jar;G:\worksoft\repository3\com\fasterxml\jackson\datatype\jackson-datatype-jsr310\2.9.5\jackson-datatype-jsr310-2.9.5.jar;G:\worksoft\repository3\com\fasterxml\jackson\module\jackson-module-parameter-names\2.9.5\jackson-module-parameter-names-2.9.5.jar;G:\worksoft\repository3\org\springframework\boot\spring-boot-starter-tomcat\2.0.1.RELEASE\spring-boot-starter-tomcat-2.0.1.RELEASE.jar;G:\worksoft\repository3\org\apache\tomcat\embed\tomcat-embed-core\8.5.28\tomcat-embed-core-8.5.28.jar;G:\worksoft\repository3\org\apache\tomcat\embed\tomcat-embed-el\8.5.28\tomcat-embed-el-8.5.28.jar;G:\worksoft\repository3\org\apache\tomcat\embed\tomcat-embed-websocket\8.5.28\tomcat-embed-websocket-8.5.28.jar;G:\worksoft\repository3\org\hibernate\validator\hibernate-validator\6.0.9.Final\hibernate-validator-6.0.9.Final.jar;G:\worksoft\repository3\javax\validation\validation-api\2.0.1.Final\validation-api-2.0.1.Final.jar;G:\worksoft\repository3\org\jboss\logging\jboss-logging\3.3.2.Final\jboss-logging-3.3.2.Final.jar;G:\worksoft\repository3\com\fasterxml\classmate\1.3.4\classmate-1.3.4.jar;G:\worksoft\repository3\org\springframework\spring-web\5.0.5.RELEASE\spring-web-5.0.5.RELEASE.jar;G:\worksoft\repository3\org\springframework\spring-webmvc\5.0.5.RELEASE\spring-webmvc-5.0.5.RELEASE.jar;G:\worksoft\repository3\org\springframework\spring-aop\5.0.5.RELEASE\spring-aop-5.0.5.RELEASE.jar;G:\worksoft\repository3\org\springframework\spring-expression\5.0.5.RELEASE\spring-expression-5.0.5.RELEASE.jar;G:\worksoft\repository3\org\projectlombok\lombok\1.16.16\lombok-1.16.16.jar;G:\worksoft\repository3\com\squareup\okhttp3\okhttp\3.9.1\okhttp-3.9.1.jar;G:\worksoft\repository3\com\squareup\okio\okio\1.13.0\okio-1.13.0.jar;G:\worksoft\repository3\org\springframework\boot\spring-boot-starter-test\2.0.1.RELEASE\spring-boot-starter-test-2.0.1.RELEASE.jar;G:\worksoft\repository3\org\springframework\boot\spring-boot-test\2.0.1.RELEASE\spring-boot-test-2.0.1.RELEASE.jar;G:\worksoft\repository3\org\springframework\boot\spring-boot-test-autoconfigure\2.0.1.RELEASE\spring-boot-test-autoconfigure-2.0.1.RELEASE.jar;G:\worksoft\repository3\com\jayway\jsonpath\json-path\2.4.0\json-path-2.4.0.jar;G:\worksoft\repository3\net\minidev\json-smart\2.3\json-smart-2.3.jar;G:\worksoft\repository3\net\minidev\accessors-smart\1.2\accessors-smart-1.2.jar;G:\worksoft\repository3\org\ow2\asm\asm\5.0.4\asm-5.0.4.jar;G:\worksoft\repository3\org\slf4j\slf4j-api\1.7.25\slf4j-api-1.7.25.jar;G:\worksoft\repository3\junit\junit\4.12\junit-4.12.jar;G:\worksoft\repository3\org\assertj\assertj-core\3.9.1\assertj-core-3.9.1.jar;G:\worksoft\repository3\org\mockito\mockito-core\2.15.0\mockito-core-2.15.0.jar;G:\worksoft\repository3\net\bytebuddy\byte-buddy\1.7.11\byte-buddy-1.7.11.jar;G:\worksoft\repository3\net\bytebuddy\byte-buddy-agent\1.7.11\byte-buddy-agent-1.7.11.jar;G:\worksoft\repository3\org\objenesis\objenesis\2.6\objenesis-2.6.jar;G:\worksoft\repository3\org\hamcrest\hamcrest-core\1.3\hamcrest-core-1.3.jar;G:\worksoft\repository3\org\hamcrest\hamcrest-library\1.3\hamcrest-library-1.3.jar;G:\worksoft\repository3\org\skyscreamer\jsonassert\1.5.0\jsonassert-1.5.0.jar;G:\worksoft\repository3\com\vaadin\external\google\android-json\0.0.20131108.vaadin1\android-json-0.0.20131108.vaadin1.jar;G:\worksoft\repository3\org\springframework\spring-core\5.0.5.RELEASE\spring-core-5.0.5.RELEASE.jar;G:\worksoft\repository3\org\springframework\spring-jcl\5.0.5.RELEASE\spring-jcl-5.0.5.RELEASE.jar;G:\worksoft\repository3\org\springframework\spring-test\5.0.5.RELEASE\spring-test-5.0.5.RELEASE.jar;G:\worksoft\repository3\org\xmlunit\xmlunit-core\2.5.1\xmlunit-core-2.5.1.jar;G:\worksoft\repository3\commons-io\commons-io\1.3.2\commons-io-1.3.2.jar;, user.name=zq953, java.vm.specification.version=1.8, sun.java.command=C:\Users\zq953\AppData\Local\Temp\surefire2981985329894730121\surefirebooter3839258065017113844.jar C:\Users\zq953\AppData\Local\Temp\surefire2981985329894730121 2019-08-17T08-53-17_008-jvmRun1 surefire4582617065835121212tmp surefire_06460651771861195709tmp, java.home=G:\jdk1.8\jre, sun.arch.data.model=64, user.language=zh, java.specification.vendor=Oracle Corporation, awt.toolkit=sun.awt.windows.WToolkit, java.vm.info=mixed mode, java.version=1.8.0_144, java.ext.dirs=G:\jdk1.8\jre\lib\ext;C:\WINDOWS\Sun\Java\lib\ext, sun.boot.class.path=G:\jdk1.8\jre\lib\resources.jar;G:\jdk1.8\jre\lib\rt.jar;G:\jdk1.8\jre\lib\sunrsasign.jar;G:\jdk1.8\jre\lib\jsse.jar;G:\jdk1.8\jre\lib\jce.jar;G:\jdk1.8\jre\lib\charsets.jar;G:\jdk1.8\jre\lib\jfr.jar;G:\jdk1.8\jre\classes, java.vendor=Oracle Corporation, localRepository=G:\worksoft\repository3, file.separator=\, java.vendor.url.bug=http://bugreport.sun.com/bugreport/, sun.io.unicode.encoding=UnicodeLittle, sun.cpu.endian=little, sun.desktop=windows, sun.cpu.isalist=amd64}}, SystemEnvironmentPropertySource@989447607 {name='systemEnvironment', properties={PATH=C:\ProgramData\Oracle\Java\javapath;C:\Program Files (x86)\Common Files\Oracle\Java\javapath;C:\Program Files (x86)\Intel\iCLS Client\;C:\Program Files\Intel\iCLS Client\;C:\Windows\system32;C:\Windows;C:\Windows\System32\Wbem;C:\Windows\System32\WindowsPowerShell\v1.0\;C:\Program Files (x86)\NVIDIA Corporation\PhysX\Common;C:\Program Files (x86)\Intel\Intel(R) Management Engine Components\DAL;C:\Program Files\Intel\Intel(R) Management Engine Components\DAL;C:\Program Files (x86)\Intel\Intel(R) Management Engine Components\IPT;C:\Program Files\Intel\Intel(R) Management Engine Components\IPT;C:\Program Files\Intel\WiFi\bin\;C:\Program Files\Common Files\Intel\WirelessCommon\;C:\WINDOWS\system32;C:\WINDOWS;C:\WINDOWS\System32\Wbem;C:\WINDOWS\System32\WindowsPowerShell\v1.0\;C:\WINDOWS\System32\OpenSSH\;G:\learnJAVA\bin;G:\worksoft\MySQL\bin;G:\worksoft\apache-maven-3.5.2\bin;G:\jdk1.8\bin;C:\Program Files\Git\cmd;C:\Program Files\TortoiseGit\bin;G:\worksoft\node\;C:\Users\zq953\AppData\Local\Microsoft\WindowsApps;C:\Users\zq953\AppData\Roaming\npm, USERDOMAIN_ROAMINGPROFILE=MSI, PROCESSOR_LEVEL=6, SYSTEMDRIVE=C:, SESSIONNAME=Console, ALLUSERSPROFILE=C:\ProgramData, PROCESSOR_ARCHITECTURE=AMD64, DRIVERDATA=C:\Windows\System32\Drivers\DriverData, JAVA_1.8=G:\jdk1.8, MAVEN_HOME=G:\worksoft\apache-maven-3.5.2, PROGRAMFILES=C:\Program Files, PSMODULEPATH=C:\Program Files\WindowsPowerShell\Modules;C:\WINDOWS\system32\WindowsPowerShell\v1.0\Modules, PROGRAMDATA=C:\ProgramData, USERNAME=zq953, FPS_BROWSER_USER_PROFILE_STRING=Default, ONEDRIVE=C:\Users\zq953\OneDrive, CONFIGSETROOT=C:\WINDOWS\ConfigSetRoot, PATHEXT=.COM;.EXE;.BAT;.CMD;.VBS;.VBE;.JS;.JSE;.WSF;.WSH;.MSC, WINDIR=C:\WINDOWS, HOMEPATH=\Users\zq953, PROCESSOR_IDENTIFIER=Intel64 Family 6 Model 158 Stepping 9, GenuineIntel, PUBLIC=C:\Users\Public, =::=::\, LOCALAPPDATA=C:\Users\zq953\AppData\Local, COMMONPROGRAMFILES(X86)=C:\Program Files (x86)\Common Files, USERDOMAIN=MSI, FPS_BROWSER_APP_PROFILE_STRING=Internet Explorer, LOGONSERVER=\\MSI, JAVA_HOME=G:\learnJAVA, PROMPT=$P$G, PROGRAMFILES(X86)=C:\Program Files (x86), ASL.LOG=Destination=file, =G:=G:\BaiduNetdiskDownload\19 微服务项目【学成在线】\day01 搭建环境 CMS服务端开发\代码\xcEduService01\xcEduService01\test-freemarker, APPDATA=C:\Users\zq953\AppData\Roaming, PROGRAMW6432=C:\Program Files, SYSTEMROOT=C:\WINDOWS, OS=Windows_NT, COMMONPROGRAMW6432=C:\Program Files\Common Files, COMPUTERNAME=MSI, COMMONPROGRAMFILES=C:\Program Files\Common Files, COMSPEC=C:\WINDOWS\system32\cmd.exe, PROCESSOR_REVISION=9e09, CLASSPATH=G:\learnJAVA\jre\lib\rt.jar;.;, NLS_LANG=AMERICAN_AMERICA.ZHS16GBK, TEMP=C:\Users\zq953\AppData\Local\Temp, HOMEDRIVE=C:, USERPROFILE=C:\Users\zq953, TMP=C:\Users\zq953\AppData\Local\Temp, NUMBER_OF_PROCESSORS=8}}]
08:53:30.898 [main] DEBUG org.springframework.test.context.support.TestPropertySourceUtils - Adding inlined properties to environment: {spring.jmx.enabled=false, org.springframework.boot.test.context.SpringBootTestContextBootstrapper=true, server.port=-1}
08:53:30.899 [main] DEBUG org.springframework.core.env.StandardEnvironment - Adding PropertySource 'Inlined Test Properties' with highest search precedence
2019-08-17 08:53:31.407 [main] DEBUG o.s.b.c.l.ClasspathLoggingApplicationListener - Application started with classpath: [file:/C:/Users/zq953/AppData/Local/Temp/surefire2981985329894730121/surefirebooter3839258065017113844.jar]

  .   ____          _            __ _ _
 /\\ / ___'_ __ _ _(_)_ __  __ _ \ \ \ \
( ( )\___ | '_ | '_| | '_ \/ _` | \ \ \ \
 \\/  ___)| |_)| | | | | || (_| |  ) ) ) )
  '  |____| .__|_| |_|_| |_\__, | / / / /
 =========|_|==============|___/=/_/_/_/
 :: Spring Boot ::        (v2.0.1.RELEASE)

2019-08-17 08:53:31.525 [main] INFO  c.x.test.freemarker.FreemarkerTest - Starting FreemarkerTest on MSI with PID 13220 (started by zq953 in G:\BaiduNetdiskDownload\19 微服务项目【学成在线】\day01 搭建环境 CMS服务端开发\代码\xcEduService01\xcEduService01\test-freemarker)
2019-08-17 08:53:31.527 [main] INFO  c.x.test.freemarker.FreemarkerTest - No active profile set, falling back to default profiles: default
2019-08-17 08:53:31.527 [main] DEBUG o.s.boot.SpringApplication - Loading source class com.xuecheng.test.freemarker.FreemarkerTestApplication
2019-08-17 08:53:31.569 [main] DEBUG o.s.b.c.c.ConfigFileApplicationListener - Loaded config file 'file:/G:/BaiduNetdiskDownload/19%20%E5%BE%AE%E6%9C%8D%E5%8A%A1%E9%A1%B9%E7%9B%AE%E3%80%90%E5%AD%A6%E6%88%90%E5%9C%A8%E7%BA%BF%E3%80%91/day01%20%E6%90%AD%E5%BB%BA%E7%8E%AF%E5%A2%83%20CMS%E6%9C%8D%E5%8A%A1%E7%AB%AF%E5%BC%80%E5%8F%91/%E4%BB%A3%E7%A0%81/xcEduService01/xcEduService01/test-freemarker/target/classes/application.yml' (classpath:/application.yml)
2019-08-17 08:53:31.570 [main] INFO  o.s.w.c.s.GenericWebApplicationContext - Refreshing org.springframework.web.context.support.GenericWebApplicationContext@4a00d9cf: startup date [Sat Aug 17 08:53:31 GMT+08:00 2019]; root of context hierarchy
2019-08-17 08:53:33.304 [main] INFO  o.s.w.s.h.SimpleUrlHandlerMapping - Mapped URL path [/**/favicon.ico] onto handler of type [class org.springframework.web.servlet.resource.ResourceHttpRequestHandler]
2019-08-17 08:53:33.561 [main] INFO  o.s.w.s.m.m.a.RequestMappingHandlerAdapter - Looking for @ControllerAdvice: org.springframework.web.context.support.GenericWebApplicationContext@4a00d9cf: startup date [Sat Aug 17 08:53:31 GMT+08:00 2019]; root of context hierarchy
2019-08-17 08:53:33.656 [main] INFO  o.s.w.s.m.m.a.RequestMappingHandlerMapping - Mapped "{[/freemarker/test1]}" onto public java.lang.String com.xuecheng.test.freemarker.controller.FreemarkerController.freemarker(java.util.Map<java.lang.String, java.lang.Object>)
2019-08-17 08:53:33.657 [main] INFO  o.s.w.s.m.m.a.RequestMappingHandlerMapping - Mapped "{[/freemarker/banner]}" onto public java.lang.String com.xuecheng.test.freemarker.controller.FreemarkerController.index_banner(java.util.Map<java.lang.String, java.lang.Object>)
2019-08-17 08:53:33.661 [main] INFO  o.s.w.s.m.m.a.RequestMappingHandlerMapping - Mapped "{[/error]}" onto public org.springframework.http.ResponseEntity<java.util.Map<java.lang.String, java.lang.Object>> org.springframework.boot.autoconfigure.web.servlet.error.BasicErrorController.error(javax.servlet.http.HttpServletRequest)
2019-08-17 08:53:33.662 [main] INFO  o.s.w.s.m.m.a.RequestMappingHandlerMapping - Mapped "{[/error],produces=[text/html]}" onto public org.springframework.web.servlet.ModelAndView org.springframework.boot.autoconfigure.web.servlet.error.BasicErrorController.errorHtml(javax.servlet.http.HttpServletRequest,javax.servlet.http.HttpServletResponse)
2019-08-17 08:53:33.687 [main] INFO  o.s.w.s.h.SimpleUrlHandlerMapping - Mapped URL path [/webjars/**] onto handler of type [class org.springframework.web.servlet.resource.ResourceHttpRequestHandler]
2019-08-17 08:53:33.694 [main] INFO  o.s.w.s.h.SimpleUrlHandlerMapping - Mapped URL path [/**] onto handler of type [class org.springframework.web.servlet.resource.ResourceHttpRequestHandler]
2019-08-17 08:53:33.905 [main] INFO  o.s.w.s.v.f.FreeMarkerConfigurer - ClassTemplateLoader for Spring macros added to FreeMarker configuration
2019-08-17 08:53:34.037 [main] DEBUG o.s.b.a.l.ConditionEvaluationReportLoggingListener - 


============================
CONDITIONS EVALUATION REPORT
============================


Positive matches:
-----------------

   CodecsAutoConfiguration matched:
      - @ConditionalOnClass found required class 'org.springframework.http.codec.CodecConfigurer'; @ConditionalOnMissingClass did not find unwanted class (OnClassCondition)

   CodecsAutoConfiguration.JacksonCodecConfiguration matched:
      - @ConditionalOnClass found required class 'com.fasterxml.jackson.databind.ObjectMapper'; @ConditionalOnMissingClass did not find unwanted class (OnClassCondition)

   CodecsAutoConfiguration.JacksonCodecConfiguration#jacksonCodecCustomizer matched:
      - @ConditionalOnBean (types: com.fasterxml.jackson.databind.ObjectMapper; SearchStrategy: all) found bean 'jacksonObjectMapper' (OnBeanCondition)

   DispatcherServletAutoConfiguration matched:
      - @ConditionalOnClass found required class 'org.springframework.web.servlet.DispatcherServlet'; @ConditionalOnMissingClass did not find unwanted class (OnClassCondition)
      - found 'session' scope (OnWebApplicationCondition)

   DispatcherServletAutoConfiguration.DispatcherServletConfiguration matched:
      - @ConditionalOnClass found required class 'javax.servlet.ServletRegistration'; @ConditionalOnMissingClass did not find unwanted class (OnClassCondition)
      - Default DispatcherServlet did not find dispatcher servlet beans (DispatcherServletAutoConfiguration.DefaultDispatcherServletCondition)

   DispatcherServletAutoConfiguration.DispatcherServletRegistrationConfiguration matched:
      - @ConditionalOnClass found required class 'javax.servlet.ServletRegistration'; @ConditionalOnMissingClass did not find unwanted class (OnClassCondition)
      - DispatcherServlet Registration did not find servlet registration bean (DispatcherServletAutoConfiguration.DispatcherServletRegistrationCondition)

   DispatcherServletAutoConfiguration.DispatcherServletRegistrationConfiguration#dispatcherServletRegistration matched:
      - @ConditionalOnBean (names: dispatcherServlet; types: org.springframework.web.servlet.DispatcherServlet; SearchStrategy: all) found bean 'dispatcherServlet' (OnBeanCondition)

   EmbeddedWebServerFactoryCustomizerAutoConfiguration.TomcatWebServerFactoryCustomizerConfiguration matched:
      - @ConditionalOnClass found required classes 'org.apache.catalina.startup.Tomcat', 'org.apache.coyote.UpgradeProtocol'; @ConditionalOnMissingClass did not find unwanted class (OnClassCondition)

   ErrorMvcAutoConfiguration matched:
      - @ConditionalOnClass found required classes 'javax.servlet.Servlet', 'org.springframework.web.servlet.DispatcherServlet'; @ConditionalOnMissingClass did not find unwanted class (OnClassCondition)
      - found 'session' scope (OnWebApplicationCondition)

   ErrorMvcAutoConfiguration#basicErrorController matched:
      - @ConditionalOnMissingBean (types: org.springframework.boot.web.servlet.error.ErrorController; SearchStrategy: current) did not find any beans (OnBeanCondition)

   ErrorMvcAutoConfiguration#errorAttributes matched:
      - @ConditionalOnMissingBean (types: org.springframework.boot.web.servlet.error.ErrorAttributes; SearchStrategy: current) did not find any beans (OnBeanCondition)

   ErrorMvcAutoConfiguration.DefaultErrorViewResolverConfiguration#conventionErrorViewResolver matched:
      - @ConditionalOnBean (types: org.springframework.web.servlet.DispatcherServlet; SearchStrategy: all) found bean 'dispatcherServlet'; @ConditionalOnMissingBean (types: org.springframework.boot.autoconfigure.web.servlet.error.DefaultErrorViewResolver; SearchStrategy: all) did not find any beans (OnBeanCondition)

   ErrorMvcAutoConfiguration.WhitelabelErrorViewConfiguration matched:
      - @ConditionalOnProperty (server.error.whitelabel.enabled) matched (OnPropertyCondition)
      - ErrorTemplate Missing did not find error template view (ErrorMvcAutoConfiguration.ErrorTemplateMissingCondition)

   ErrorMvcAutoConfiguration.WhitelabelErrorViewConfiguration#beanNameViewResolver matched:
      - @ConditionalOnMissingBean (types: org.springframework.web.servlet.view.BeanNameViewResolver; SearchStrategy: all) did not find any beans (OnBeanCondition)

   ErrorMvcAutoConfiguration.WhitelabelErrorViewConfiguration#defaultErrorView matched:
      - @ConditionalOnMissingBean (names: error; SearchStrategy: all) did not find any beans (OnBeanCondition)

   FreeMarkerAutoConfiguration matched:
      - @ConditionalOnClass found required classes 'freemarker.template.Configuration', 'org.springframework.ui.freemarker.FreeMarkerConfigurationFactory'; @ConditionalOnMissingClass did not find unwanted class (OnClassCondition)

   FreeMarkerServletWebConfiguration matched:
      - @ConditionalOnClass found required classes 'javax.servlet.Servlet', 'org.springframework.web.servlet.view.freemarker.FreeMarkerConfigurer'; @ConditionalOnMissingClass did not find unwanted class (OnClassCondition)
      - found 'session' scope (OnWebApplicationCondition)

   FreeMarkerServletWebConfiguration#freeMarkerConfigurer matched:
      - @ConditionalOnMissingBean (types: org.springframework.web.servlet.view.freemarker.FreeMarkerConfig; SearchStrategy: all) did not find any beans (OnBeanCondition)

   FreeMarkerServletWebConfiguration#freeMarkerViewResolver matched:
      - @ConditionalOnProperty (spring.freemarker.enabled) matched (OnPropertyCondition)
      - @ConditionalOnMissingBean (names: freeMarkerViewResolver; SearchStrategy: all) did not find any beans (OnBeanCondition)

   GenericCacheConfiguration matched:
      - Cache org.springframework.boot.autoconfigure.cache.GenericCacheConfiguration automatic cache type (CacheCondition)

   HttpEncodingAutoConfiguration matched:
      - @ConditionalOnClass found required class 'org.springframework.web.filter.CharacterEncodingFilter'; @ConditionalOnMissingClass did not find unwanted class (OnClassCondition)
      - found 'session' scope (OnWebApplicationCondition)
      - @ConditionalOnProperty (spring.http.encoding.enabled) matched (OnPropertyCondition)

   HttpEncodingAutoConfiguration#characterEncodingFilter matched:
      - @ConditionalOnMissingBean (types: org.springframework.web.filter.CharacterEncodingFilter; SearchStrategy: all) did not find any beans (OnBeanCondition)

   HttpMessageConvertersAutoConfiguration matched:
      - @ConditionalOnClass found required class 'org.springframework.http.converter.HttpMessageConverter'; @ConditionalOnMissingClass did not find unwanted class (OnClassCondition)

   HttpMessageConvertersAutoConfiguration#messageConverters matched:
      - @ConditionalOnMissingBean (types: org.springframework.boot.autoconfigure.http.HttpMessageConverters; SearchStrategy: all) did not find any beans (OnBeanCondition)

   HttpMessageConvertersAutoConfiguration.StringHttpMessageConverterConfiguration matched:
      - @ConditionalOnClass found required class 'org.springframework.http.converter.StringHttpMessageConverter'; @ConditionalOnMissingClass did not find unwanted class (OnClassCondition)

   HttpMessageConvertersAutoConfiguration.StringHttpMessageConverterConfiguration#stringHttpMessageConverter matched:
      - @ConditionalOnMissingBean (types: org.springframework.http.converter.StringHttpMessageConverter; SearchStrategy: all) did not find any beans (OnBeanCondition)

   JacksonAutoConfiguration matched:
      - @ConditionalOnClass found required class 'com.fasterxml.jackson.databind.ObjectMapper'; @ConditionalOnMissingClass did not find unwanted class (OnClassCondition)

   JacksonAutoConfiguration.Jackson2ObjectMapperBuilderCustomizerConfiguration matched:
      - @ConditionalOnClass found required class 'org.springframework.http.converter.json.Jackson2ObjectMapperBuilder'; @ConditionalOnMissingClass did not find unwanted class (OnClassCondition)

   JacksonAutoConfiguration.JacksonObjectMapperBuilderConfiguration matched:
      - @ConditionalOnClass found required class 'org.springframework.http.converter.json.Jackson2ObjectMapperBuilder'; @ConditionalOnMissingClass did not find unwanted class (OnClassCondition)

   JacksonAutoConfiguration.JacksonObjectMapperBuilderConfiguration#jacksonObjectMapperBuilder matched:
      - @ConditionalOnMissingBean (types: org.springframework.http.converter.json.Jackson2ObjectMapperBuilder; SearchStrategy: all) did not find any beans (OnBeanCondition)

   JacksonAutoConfiguration.JacksonObjectMapperConfiguration matched:
      - @ConditionalOnClass found required class 'org.springframework.http.converter.json.Jackson2ObjectMapperBuilder'; @ConditionalOnMissingClass did not find unwanted class (OnClassCondition)

   JacksonAutoConfiguration.JacksonObjectMapperConfiguration#jacksonObjectMapper matched:
      - @ConditionalOnMissingBean (types: com.fasterxml.jackson.databind.ObjectMapper; SearchStrategy: all) did not find any beans (OnBeanCondition)

   JacksonAutoConfiguration.ParameterNamesModuleConfiguration matched:
      - @ConditionalOnClass found required class 'com.fasterxml.jackson.module.paramnames.ParameterNamesModule'; @ConditionalOnMissingClass did not find unwanted class (OnClassCondition)

   JacksonAutoConfiguration.ParameterNamesModuleConfiguration#parameterNamesModule matched:
      - @ConditionalOnMissingBean (types: com.fasterxml.jackson.module.paramnames.ParameterNamesModule; SearchStrategy: all) did not find any beans (OnBeanCondition)

   JacksonHttpMessageConvertersConfiguration.MappingJackson2HttpMessageConverterConfiguration matched:
      - @ConditionalOnClass found required class 'com.fasterxml.jackson.databind.ObjectMapper'; @ConditionalOnMissingClass did not find unwanted class (OnClassCondition)
      - @ConditionalOnProperty (spring.http.converters.preferred-json-mapper=jackson) matched (OnPropertyCondition)
      - @ConditionalOnBean (types: com.fasterxml.jackson.databind.ObjectMapper; SearchStrategy: all) found bean 'jacksonObjectMapper' (OnBeanCondition)

   JacksonHttpMessageConvertersConfiguration.MappingJackson2HttpMessageConverterConfiguration#mappingJackson2HttpMessageConverter matched:
      - @ConditionalOnMissingBean (types: org.springframework.http.converter.json.MappingJackson2HttpMessageConverter; SearchStrategy: all) did not find any beans (OnBeanCondition)

   MultipartAutoConfiguration matched:
      - @ConditionalOnClass found required classes 'javax.servlet.Servlet', 'org.springframework.web.multipart.support.StandardServletMultipartResolver', 'javax.servlet.MultipartConfigElement'; @ConditionalOnMissingClass did not find unwanted class (OnClassCondition)
      - found 'session' scope (OnWebApplicationCondition)
      - @ConditionalOnProperty (spring.servlet.multipart.enabled) matched (OnPropertyCondition)

   MultipartAutoConfiguration#multipartConfigElement matched:
      - @ConditionalOnMissingBean (types: javax.servlet.MultipartConfigElement; SearchStrategy: all) did not find any beans (OnBeanCondition)

   MultipartAutoConfiguration#multipartResolver matched:
      - @ConditionalOnMissingBean (types: org.springframework.web.multipart.MultipartResolver; SearchStrategy: all) did not find any beans (OnBeanCondition)

   NoOpCacheConfiguration matched:
      - Cache org.springframework.boot.autoconfigure.cache.NoOpCacheConfiguration automatic cache type (CacheCondition)

   PropertyPlaceholderAutoConfiguration#propertySourcesPlaceholderConfigurer matched:
      - @ConditionalOnMissingBean (types: org.springframework.context.support.PropertySourcesPlaceholderConfigurer; SearchStrategy: current) did not find any beans (OnBeanCondition)

   RedisCacheConfiguration matched:
      - Cache org.springframework.boot.autoconfigure.cache.RedisCacheConfiguration automatic cache type (CacheCondition)

   RestTemplateAutoConfiguration matched:
      - @ConditionalOnClass found required class 'org.springframework.web.client.RestTemplate'; @ConditionalOnMissingClass did not find unwanted class (OnClassCondition)

   RestTemplateAutoConfiguration#restTemplateBuilder matched:
      - @ConditionalOnMissingBean (types: org.springframework.boot.web.client.RestTemplateBuilder; SearchStrategy: all) did not find any beans (OnBeanCondition)

   ServletWebServerFactoryAutoConfiguration matched:
      - @ConditionalOnClass found required class 'javax.servlet.ServletRequest'; @ConditionalOnMissingClass did not find unwanted class (OnClassCondition)
      - found 'session' scope (OnWebApplicationCondition)

   ServletWebServerFactoryAutoConfiguration#tomcatServletWebServerFactoryCustomizer matched:
      - @ConditionalOnClass found required class 'org.apache.catalina.startup.Tomcat'; @ConditionalOnMissingClass did not find unwanted class (OnClassCondition)

   ServletWebServerFactoryConfiguration.EmbeddedTomcat matched:
      - @ConditionalOnClass found required classes 'javax.servlet.Servlet', 'org.apache.catalina.startup.Tomcat', 'org.apache.coyote.UpgradeProtocol'; @ConditionalOnMissingClass did not find unwanted class (OnClassCondition)
      - @ConditionalOnMissingBean (types: org.springframework.boot.web.servlet.server.ServletWebServerFactory; SearchStrategy: current) did not find any beans (OnBeanCondition)

   SimpleCacheConfiguration matched:
      - Cache org.springframework.boot.autoconfigure.cache.SimpleCacheConfiguration automatic cache type (CacheCondition)

   ValidationAutoConfiguration matched:
      - @ConditionalOnClass found required class 'javax.validation.executable.ExecutableValidator'; @ConditionalOnMissingClass did not find unwanted class (OnClassCondition)
      - @ConditionalOnResource found location classpath:META-INF/services/javax.validation.spi.ValidationProvider (OnResourceCondition)

   ValidationAutoConfiguration#defaultValidator matched:
      - @ConditionalOnMissingBean (types: javax.validation.Validator; SearchStrategy: all) did not find any beans (OnBeanCondition)

   ValidationAutoConfiguration#methodValidationPostProcessor matched:
      - @ConditionalOnMissingBean (types: org.springframework.validation.beanvalidation.MethodValidationPostProcessor; SearchStrategy: all) did not find any beans (OnBeanCondition)

   WebMvcAutoConfiguration matched:
      - @ConditionalOnClass found required classes 'javax.servlet.Servlet', 'org.springframework.web.servlet.DispatcherServlet', 'org.springframework.web.servlet.config.annotation.WebMvcConfigurer'; @ConditionalOnMissingClass did not find unwanted class (OnClassCondition)
      - found 'session' scope (OnWebApplicationCondition)
      - @ConditionalOnMissingBean (types: org.springframework.web.servlet.config.annotation.WebMvcConfigurationSupport; SearchStrategy: all) did not find any beans (OnBeanCondition)

   WebMvcAutoConfiguration#hiddenHttpMethodFilter matched:
      - @ConditionalOnMissingBean (types: org.springframework.web.filter.HiddenHttpMethodFilter; SearchStrategy: all) did not find any beans (OnBeanCondition)

   WebMvcAutoConfiguration#httpPutFormContentFilter matched:
      - @ConditionalOnProperty (spring.mvc.formcontent.putfilter.enabled) matched (OnPropertyCondition)
      - @ConditionalOnMissingBean (types: org.springframework.web.filter.HttpPutFormContentFilter; SearchStrategy: all) did not find any beans (OnBeanCondition)

   WebMvcAutoConfiguration.WebMvcAutoConfigurationAdapter#defaultViewResolver matched:
      - @ConditionalOnMissingBean (types: org.springframework.web.servlet.view.InternalResourceViewResolver; SearchStrategy: all) did not find any beans (OnBeanCondition)

   WebMvcAutoConfiguration.WebMvcAutoConfigurationAdapter#requestContextFilter matched:
      - @ConditionalOnMissingBean (types: org.springframework.web.context.request.RequestContextListener,org.springframework.web.filter.RequestContextFilter; SearchStrategy: all) did not find any beans (OnBeanCondition)

   WebMvcAutoConfiguration.WebMvcAutoConfigurationAdapter#viewResolver matched:
      - @ConditionalOnBean (types: org.springframework.web.servlet.ViewResolver; SearchStrategy: all) found beans 'defaultViewResolver', 'beanNameViewResolver', 'mvcViewResolver'; @ConditionalOnMissingBean (names: viewResolver; types: org.springframework.web.servlet.view.ContentNegotiatingViewResolver; SearchStrategy: all) did not find any beans (OnBeanCondition)

   WebMvcAutoConfiguration.WebMvcAutoConfigurationAdapter.FaviconConfiguration matched:
      - @ConditionalOnProperty (spring.mvc.favicon.enabled) matched (OnPropertyCondition)

   WebSocketServletAutoConfiguration matched:
      - @ConditionalOnClass found required classes 'javax.servlet.Servlet', 'javax.websocket.server.ServerContainer'; @ConditionalOnMissingClass did not find unwanted class (OnClassCondition)
      - found 'session' scope (OnWebApplicationCondition)

   WebSocketServletAutoConfiguration.TomcatWebSocketConfiguration matched:
      - @ConditionalOnClass found required classes 'org.apache.catalina.startup.Tomcat', 'org.apache.tomcat.websocket.server.WsSci'; @ConditionalOnMissingClass did not find unwanted class (OnClassCondition)

   WebSocketServletAutoConfiguration.TomcatWebSocketConfiguration#websocketContainerCustomizer matched:
      - @ConditionalOnMissingBean (names: websocketServletWebServerCustomizer; SearchStrategy: all) did not find any beans (OnBeanCondition)


Negative matches:
-----------------

   ActiveMQAutoConfiguration:
      Did not match:
         - @ConditionalOnClass did not find required classes 'javax.jms.ConnectionFactory', 'org.apache.activemq.ActiveMQConnectionFactory' (OnClassCondition)

   AopAutoConfiguration:
      Did not match:
         - @ConditionalOnClass did not find required classes 'org.aspectj.lang.annotation.Aspect', 'org.aspectj.lang.reflect.Advice', 'org.aspectj.weaver.AnnotatedElement' (OnClassCondition)

   ArtemisAutoConfiguration:
      Did not match:
         - @ConditionalOnClass did not find required classes 'javax.jms.ConnectionFactory', 'org.apache.activemq.artemis.jms.client.ActiveMQConnectionFactory' (OnClassCondition)

   BatchAutoConfiguration:
      Did not match:
         - @ConditionalOnClass did not find required classes 'org.springframework.batch.core.launch.JobLauncher', 'org.springframework.jdbc.core.JdbcOperations' (OnClassCondition)

   CacheAutoConfiguration:
      Did not match:
         - @ConditionalOnBean (types: org.springframework.cache.interceptor.CacheAspectSupport; SearchStrategy: all) did not find any beans of type org.springframework.cache.interceptor.CacheAspectSupport (OnBeanCondition)
      Matched:
         - @ConditionalOnClass found required class 'org.springframework.cache.CacheManager'; @ConditionalOnMissingClass did not find unwanted class (OnClassCondition)

   CacheAutoConfiguration.CacheManagerJpaDependencyConfiguration:
      Did not match:
         - @ConditionalOnClass did not find required class 'org.springframework.orm.jpa.LocalContainerEntityManagerFactoryBean' (OnClassCondition)
         - Ancestor org.springframework.boot.autoconfigure.cache.CacheAutoConfiguration did not match (ConditionEvaluationReport.AncestorsMatchedCondition)

   CaffeineCacheConfiguration:
      Did not match:
         - @ConditionalOnClass did not find required class 'com.github.benmanes.caffeine.cache.Caffeine' (OnClassCondition)

   CassandraAutoConfiguration:
      Did not match:
         - @ConditionalOnClass did not find required class 'com.datastax.driver.core.Cluster' (OnClassCondition)

   CassandraDataAutoConfiguration:
      Did not match:
         - @ConditionalOnClass did not find required classes 'com.datastax.driver.core.Cluster', 'org.springframework.data.cassandra.core.CassandraAdminOperations' (OnClassCondition)

   CassandraReactiveDataAutoConfiguration:
      Did not match:
         - @ConditionalOnClass did not find required classes 'com.datastax.driver.core.Cluster', 'org.springframework.data.cassandra.core.ReactiveCassandraTemplate', 'reactor.core.publisher.Flux' (OnClassCondition)

   CassandraReactiveRepositoriesAutoConfiguration:
      Did not match:
         - @ConditionalOnClass did not find required classes 'org.springframework.data.cassandra.ReactiveSession', 'org.springframework.data.cassandra.repository.ReactiveCassandraRepository' (OnClassCondition)

   CassandraRepositoriesAutoConfiguration:
      Did not match:
         - @ConditionalOnClass did not find required classes 'com.datastax.driver.core.Session', 'org.springframework.data.cassandra.repository.CassandraRepository' (OnClassCondition)

   CloudAutoConfiguration:
      Did not match:
         - @ConditionalOnClass did not find required class 'org.springframework.cloud.config.java.CloudScanConfiguration' (OnClassCondition)

   CouchbaseAutoConfiguration:
      Did not match:
         - @ConditionalOnClass did not find required classes 'com.couchbase.client.java.CouchbaseBucket', 'com.couchbase.client.java.Cluster' (OnClassCondition)

   CouchbaseCacheConfiguration:
      Did not match:
         - @ConditionalOnClass did not find required classes 'com.couchbase.client.java.Bucket', 'com.couchbase.client.spring.cache.CouchbaseCacheManager' (OnClassCondition)

   CouchbaseDataAutoConfiguration:
      Did not match:
         - @ConditionalOnClass did not find required classes 'com.couchbase.client.java.Bucket', 'org.springframework.data.couchbase.repository.CouchbaseRepository' (OnClassCondition)

   CouchbaseReactiveDataAutoConfiguration:
      Did not match:
         - @ConditionalOnClass did not find required classes 'com.couchbase.client.java.Bucket', 'org.springframework.data.couchbase.repository.ReactiveCouchbaseRepository', 'reactor.core.publisher.Flux' (OnClassCondition)

   CouchbaseReactiveRepositoriesAutoConfiguration:
      Did not match:
[...]

   EmbeddedWebServerFactoryCustomizerAutoConfiguration.UndertowWebServerFactoryCustomizerConfiguration:
      Did not match:
         - @ConditionalOnClass did not find required classes 'io.undertow.Undertow', 'org.xnio.SslClientAuthMode' (OnClassCondition)

   ErrorWebFluxAutoConfiguration:
      Did not match:
         - @ConditionalOnClass did not find required class 'org.springframework.web.reactive.config.WebFluxConfigurer' (OnClassCondition)

   FlywayAutoConfiguration:
      Did not match:
         - @ConditionalOnClass did not find required class 'org.flywaydb.core.Flyway' (OnClassCondition)

   FreeMarkerNonWebConfiguration:
      Did not match:
         - @ConditionalOnWebApplication found 'session' scope and not a reactive web application (OnWebApplicationCondition)

   FreeMarkerReactiveWebConfiguration:
      Did not match:
         - not a reactive web application (OnWebApplicationCondition)

   FreeMarkerServletWebConfiguration#resourceUrlEncodingFilter:
      Did not match:
         - @ConditionalOnEnabledResourceChain did not find class org.webjars.WebJarAssetLocator (OnEnabledResourceChainCondition)
      Matched:
         - @ConditionalOnMissingBean (types: org.springframework.web.servlet.resource.ResourceUrlEncodingFilter; SearchStrategy: all) did not find any beans (OnBeanCondition)

   GroovyTemplateAutoConfiguration:
      Did not match:
         - @ConditionalOnClass did not find required class 'groovy.text.markup.MarkupTemplateEngine' (OnClassCondition)

   GsonAutoConfiguration:
      Did not match:
         - @ConditionalOnClass did not find required class 'com.google.gson.Gson' (OnClassCondition)

   GsonHttpMessageConvertersConfiguration:
      Did not match:
         - @ConditionalOnClass did not find required class 'com.google.gson.Gson' (OnClassCondition)

   H2ConsoleAutoConfiguration:
      Did not match:
         - @ConditionalOnClass did not find required class 'org.h2.server.web.WebServlet' (OnClassCondition)

   HazelcastAutoConfiguration:
      Did not match:
         - @ConditionalOnClass did not find required class 'com.hazelcast.core.HazelcastInstance' (OnClassCondition)

   HazelcastCacheConfiguration:
      Did not match:
         - @ConditionalOnClass did not find required classes 'com.hazelcast.core.HazelcastInstance', 'com.hazelcast.spring.cache.HazelcastCacheManager' (OnClassCondition)

   HazelcastJpaDependencyAutoConfiguration:
      Did not match:
         - @ConditionalOnClass did not find required classes 'com.hazelcast.core.HazelcastInstance', 'org.springframework.orm.jpa.LocalContainerEntityManagerFactoryBean' (OnClassCondition)

   HibernateJpaAutoConfiguration:
      Did not match:
         - @ConditionalOnClass did not find required classes 'org.springframework.orm.jpa.LocalContainerEntityManagerFactoryBean', 'javax.persistence.EntityManager' (OnClassCondition)

   HttpHandlerAutoConfiguration:
      Did not match:
         - @ConditionalOnClass did not find required class 'org.springframework.web.reactive.DispatcherHandler' (OnClassCondition)

   HypermediaAutoConfiguration:
      Did not match:
         - @ConditionalOnClass did not find required classes 'org.springframework.hateoas.Resource', 'org.springframework.plugin.core.Plugin' (OnClassCondition)

   InfinispanCacheConfiguration:
      Did not match:
         - @ConditionalOnClass did not find required class 'org.infinispan.spring.provider.SpringEmbeddedCacheManager' (OnClassCondition)

   InfluxDbAutoConfiguration:
      Did not match:
         - @ConditionalOnClass did not find required class 'org.influxdb.InfluxDB' (OnClassCondition)

   IntegrationAutoConfiguration:
      Did not match:
         - @ConditionalOnClass did not find required class 'org.springframework.integration.config.EnableIntegration' (OnClassCondition)

   JCacheCacheConfiguration:
      Did not match:
         - @ConditionalOnClass did not find required class 'javax.cache.Caching' (OnClassCondition)

   JacksonAutoConfiguration.JodaDateTimeJacksonConfiguration:
      Did not match:
         - @ConditionalOnClass did not find required classes 'org.joda.time.DateTime', 'com.fasterxml.jackson.datatype.joda.ser.DateTimeSerializer', 'com.fasterxml.jackson.datatype.joda.cfg.JacksonJodaDateFormat' (OnClassCondition)

   JacksonHttpMessageConvertersConfiguration.MappingJackson2XmlHttpMessageConverterConfiguration:
      Did not match:
         - @ConditionalOnClass did not find required class 'com.fasterxml.jackson.dataformat.xml.XmlMapper' (OnClassCondition)

   JdbcTemplateAutoConfiguration:
      Did not match:
         - @ConditionalOnClass did not find required class 'org.springframework.jdbc.core.JdbcTemplate' (OnClassCondition)

   JerseyAutoConfiguration:
      Did not match:
         - @ConditionalOnClass did not find required class 'org.glassfish.jersey.server.spring.SpringComponentProvider' (OnClassCondition)

   JestAutoConfiguration:
      Did not match:
         - @ConditionalOnClass did not find required class 'io.searchbox.client.JestClient' (OnClassCondition)

   JmsAutoConfiguration:
      Did not match:
         - @ConditionalOnClass did not find required classes 'javax.jms.Message', 'org.springframework.jms.core.JmsTemplate' (OnClassCondition)

   JmxAutoConfiguration:
      Did not match:
         - @ConditionalOnProperty (spring.jmx.enabled=true) found different value in property 'enabled' (OnPropertyCondition)
      Matched:
         - @ConditionalOnClass found required class 'org.springframework.jmx.export.MBeanExporter'; @ConditionalOnMissingClass did not find unwanted class (OnClassCondition)

   JndiConnectionFactoryAutoConfiguration:
      Did not match:
         - @ConditionalOnClass did not find required class 'org.springframework.jms.core.JmsTemplate' (OnClassCondition)

   JndiDataSourceAutoConfiguration:
      Did not match:
         - @ConditionalOnClass did not find required class 'org.springframework.jdbc.datasource.embedded.EmbeddedDatabaseType' (OnClassCondition)

   JooqAutoConfiguration:
      Did not match:
         - @ConditionalOnClass did not find required class 'org.jooq.DSLContext' (OnClassCondition)

   JpaRepositoriesAutoConfiguration:
      Did not match:
         - @ConditionalOnClass did not find required class 'org.springframework.data.jpa.repository.JpaRepository' (OnClassCondition)

   JsonbAutoConfiguration:
      Did not match:
         - @ConditionalOnClass did not find required class 'javax.json.bind.Jsonb' (OnClassCondition)

   JsonbHttpMessageConvertersConfiguration:
      Did not match:
         - @ConditionalOnClass did not find required class 'javax.json.bind.Jsonb' (OnClassCondition)

   JtaAutoConfiguration:
      Did not match:
         - @ConditionalOnClass did not find required class 'javax.transaction.Transaction' (OnClassCondition)

   KafkaAutoConfiguration:
      Did not match:
         - @ConditionalOnClass did not find required class 'org.springframework.kafka.core.KafkaTemplate' (OnClassCondition)

   LdapAutoConfiguration:
      Did not match:
         - @ConditionalOnClass did not find required class 'org.springframework.ldap.core.ContextSource' (OnClassCondition)

   LdapDataAutoConfiguration:
      Did not match:
         - @ConditionalOnClass did not find required class 'org.springframework.data.ldap.repository.LdapRepository' (OnClassCondition)

   LdapRepositoriesAutoConfiguration:
      Did not match:
         - @ConditionalOnClass did not find required class 'org.springframework.data.ldap.repository.LdapRepository' (OnClassCondition)

   LiquibaseAutoConfiguration:
      Did not match:
         - @ConditionalOnClass did not find required classes 'liquibase.integration.spring.SpringLiquibase', 'liquibase.change.DatabaseChange' (OnClassCondition)

   MailSenderAutoConfiguration:
      Did not match:
         - @ConditionalOnClass did not find required class 'javax.mail.internet.MimeMessage' (OnClassCondition)

   MailSenderValidatorAutoConfiguration:
      Did not match:
         - @ConditionalOnProperty (spring.mail.test-connection) did not find property 'test-connection' (OnPropertyCondition)

   MessageSourceAutoConfiguration:
      Did not match:
         - ResourceBundle did not find bundle with basename messages (MessageSourceAutoConfiguration.ResourceBundleCondition)

   MongoAutoConfiguration:
      Did not match:
         - @ConditionalOnClass did not find required class 'com.mongodb.MongoClient' (OnClassCondition)

   MongoDataAutoConfiguration:
      Did not match:
         - @ConditionalOnClass did not find required classes 'com.mongodb.MongoClient', 'org.springframework.data.mongodb.core.MongoTemplate' (OnClassCondition)

   MongoReactiveAutoConfiguration:
      Did not match:
         - @ConditionalOnClass did not find required class 'com.mongodb.reactivestreams.client.MongoClient' (OnClassCondition)

   MongoReactiveDataAutoConfiguration:
      Did not match:
         - @ConditionalOnClass did not find required classes 'com.mongodb.reactivestreams.client.MongoClient', 'org.springframework.data.mongodb.core.ReactiveMongoTemplate' (OnClassCondition)

   MongoReactiveRepositoriesAutoConfiguration:
      Did not match:
         - @ConditionalOnClass did not find required classes 'com.mongodb.reactivestreams.client.MongoClient', 'org.springframework.data.mongodb.repository.ReactiveMongoRepository' (OnClassCondition)

   MongoRepositoriesAutoConfiguration:
      Did not match:
         - @ConditionalOnClass did not find required classes 'com.mongodb.MongoClient', 'org.springframework.data.mongodb.repository.MongoRepository' (OnClassCondition)

   MustacheAutoConfiguration:
      Did not match:
         - @ConditionalOnClass did not find required class 'com.samskivert.mustache.Mustache' (OnClassCondition)

   Neo4jDataAutoConfiguration:
      Did not match:
         - @ConditionalOnClass did not find required classes 'org.neo4j.ogm.session.SessionFactory', 'org.springframework.data.neo4j.transaction.Neo4jTransactionManager', 'org.springframework.transaction.PlatformTransactionManager' (OnClassCondition)

   Neo4jRepositoriesAutoConfiguration:
      Did not match:
         - @ConditionalOnClass did not find required classes 'org.neo4j.ogm.session.Neo4jSession', 'org.springframework.data.neo4j.repository.Neo4jRepository' (OnClassCondition)

   OAuth2ClientAutoConfiguration:
      Did not match:
         - @ConditionalOnClass did not find required classes 'org.springframework.security.config.annotation.web.configuration.EnableWebSecurity', 'org.springframework.security.oauth2.client.registration.ClientRegistration' (OnClassCondition)

   PersistenceExceptionTranslationAutoConfiguration:
      Did not match:
         - @ConditionalOnClass did not find required class 'org.springframework.dao.annotation.PersistenceExceptionTranslationPostProcessor' (OnClassCondition)

   ProjectInfoAutoConfiguration#buildProperties:
      Did not match:
         - @ConditionalOnResource did not find resource '${spring.info.build.location:classpath:META-INF/build-info.properties}' (OnResourceCondition)

   ProjectInfoAutoConfiguration#gitProperties:
      Did not match:
         - GitResource did not find git info at classpath:git.properties (ProjectInfoAutoConfiguration.GitResourceAvailableCondition)

   QuartzAutoConfiguration:
      Did not match:
         - @ConditionalOnClass did not find required classes 'org.quartz.Scheduler', 'org.springframework.transaction.PlatformTransactionManager' (OnClassCondition)

   RabbitAutoConfiguration:
      Did not match:
         - @ConditionalOnClass did not find required classes 'org.springframework.amqp.rabbit.core.RabbitTemplate', 'com.rabbitmq.client.Channel' (OnClassCondition)

   ReactiveUserDetailsServiceAutoConfiguration:
      Did not match:
         - @ConditionalOnClass did not find required class 'org.springframework.security.authentication.ReactiveAuthenticationManager' (OnClassCondition)

   ReactiveWebServerFactoryAutoConfiguration:
      Did not match:
         - not a reactive web application (OnWebApplicationCondition)
      Matched:
         - @ConditionalOnClass found required class 'org.springframework.http.ReactiveHttpInputMessage'; @ConditionalOnMissingClass did not find unwanted class (OnClassCondition)

   ReactorCoreAutoConfiguration:
      Did not match:
         - @ConditionalOnClass did not find required classes 'reactor.core.publisher.Mono', 'reactor.core.publisher.Flux' (OnClassCondition)

   RedisAutoConfiguration:
      Did not match:
         - @ConditionalOnClass did not find required class 'org.springframework.data.redis.core.RedisOperations' (OnClassCondition)

   RedisReactiveAutoConfiguration:
      Did not match:
         - @ConditionalOnClass did not find required classes 'org.springframework.data.redis.connection.ReactiveRedisConnectionFactory', 'org.springframework.data.redis.core.ReactiveRedisTemplate', 'reactor.core.publisher.Flux' (OnClassCondition)

   RedisRepositoriesAutoConfiguration:
      Did not match:
         - @ConditionalOnClass did not find required class 'org.springframework.data.redis.repository.configuration.EnableRedisRepositories' (OnClassCondition)

   RepositoryRestMvcAutoConfiguration:
      Did not match:
         - @ConditionalOnClass did not find required class 'org.springframework.data.rest.webmvc.config.RepositoryRestMvcConfiguration' (OnClassCondition)

   SecurityAutoConfiguration:
      Did not match:
         - @ConditionalOnClass did not find required class 'org.springframework.security.authentication.DefaultAuthenticationEventPublisher' (OnClassCondition)

   SecurityFilterAutoConfiguration:
      Did not match:
         - @ConditionalOnClass did not find required classes 'org.springframework.security.web.context.AbstractSecurityWebApplicationInitializer', 'org.springframework.security.config.http.SessionCreationPolicy' (OnClassCondition)

   SendGridAutoConfiguration:
      Did not match:
         - @ConditionalOnClass did not find required class 'com.sendgrid.SendGrid' (OnClassCondition)

   ServletWebServerFactoryConfiguration.EmbeddedJetty:
      Did not match:
         - @ConditionalOnClass did not find required classes 'org.eclipse.jetty.server.Server', 'org.eclipse.jetty.util.Loader', 'org.eclipse.jetty.webapp.WebAppContext' (OnClassCondition)

   ServletWebServerFactoryConfiguration.EmbeddedUndertow:
      Did not match:
         - @ConditionalOnClass did not find required classes 'io.undertow.Undertow', 'org.xnio.SslClientAuthMode' (OnClassCondition)

   SessionAutoConfiguration:
      Did not match:
         - @ConditionalOnClass did not find required class 'org.springframework.session.Session' (OnClassCondition)

   SolrAutoConfiguration:
      Did not match:
         - @ConditionalOnClass did not find required classes 'org.apache.solr.client.solrj.impl.HttpSolrClient', 'org.apache.solr.client.solrj.impl.CloudSolrClient' (OnClassCondition)

   SolrRepositoriesAutoConfiguration:
      Did not match:
         - @ConditionalOnClass did not find required classes 'org.apache.solr.client.solrj.SolrClient', 'org.springframework.data.solr.repository.SolrRepository' (OnClassCondition)

   SpringApplicationAdminJmxAutoConfiguration:
      Did not match:
         - @ConditionalOnProperty (spring.application.admin.enabled=true) did not find property 'enabled' (OnPropertyCondition)

   SpringDataWebAutoConfiguration:
      Did not match:
         - @ConditionalOnClass did not find required class 'org.springframework.data.web.PageableHandlerMethodArgumentResolver' (OnClassCondition)

   ThymeleafAutoConfiguration:
      Did not match:
         - @ConditionalOnClass did not find required class 'org.thymeleaf.templatemode.TemplateMode' (OnClassCondition)

   TransactionAutoConfiguration:
      Did not match:
         - @ConditionalOnClass did not find required class 'org.springframework.transaction.PlatformTransactionManager' (OnClassCondition)

   UserDetailsServiceAutoConfiguration:
      Did not match:
         - @ConditionalOnClass did not find required class 'org.springframework.security.authentication.AuthenticationManager' (OnClassCondition)

   WebClientAutoConfiguration:
      Did not match:
         - @ConditionalOnClass did not find required class 'org.springframework.web.reactive.function.client.WebClient' (OnClassCondition)

   WebFluxAutoConfiguration:
      Did not match:
         - @ConditionalOnClass did not find required class 'org.springframework.web.reactive.config.WebFluxConfigurer' (OnClassCondition)

   WebFluxSecurityConfiguration:
      Did not match:
         - @ConditionalOnClass did not find required classes 'org.springframework.security.config.annotation.web.reactive.EnableWebFluxSecurity', 'org.springframework.security.web.server.WebFilterChainProxy' (OnClassCondition)

   WebMvcAutoConfiguration.ResourceChainCustomizerConfiguration:
      Did not match:
         - @ConditionalOnEnabledResourceChain did not find class org.webjars.WebJarAssetLocator (OnEnabledResourceChainCondition)

   WebMvcAutoConfiguration.WebMvcAutoConfigurationAdapter#beanNameViewResolver:
      Did not match:
         - @ConditionalOnMissingBean (types: org.springframework.web.servlet.view.BeanNameViewResolver; SearchStrategy: all) found beans of type 'org.springframework.web.servlet.view.BeanNameViewResolver' beanNameViewResolver (OnBeanCondition)

   WebMvcAutoConfiguration.WebMvcAutoConfigurationAdapter#localeResolver:
      Did not match:
         - @ConditionalOnProperty (spring.mvc.locale) did not find property 'locale' (OnPropertyCondition)

   WebServicesAutoConfiguration:
      Did not match:
         - @ConditionalOnClass did not find required class 'org.springframework.ws.transport.http.MessageDispatcherServlet' (OnClassCondition)

   WebSocketMessagingAutoConfiguration:
      Did not match:
         - @ConditionalOnClass did not find required class 'org.springframework.web.socket.config.annotation.WebSocketMessageBrokerConfigurer' (OnClassCondition)

   WebSocketReactiveAutoConfiguration:
      Did not match:
         - not a reactive web application (OnWebApplicationCondition)
      Matched:
         - @ConditionalOnClass found required classes 'javax.servlet.Servlet', 'javax.websocket.server.ServerContainer'; @ConditionalOnMissingClass did not find unwanted class (OnClassCondition)

   WebSocketServletAutoConfiguration.JettyWebSocketConfiguration:
      Did not match:
         - @ConditionalOnClass did not find required class 'org.eclipse.jetty.websocket.jsr356.server.deploy.WebSocketServerContainerInitializer' (OnClassCondition)

   WebSocketServletAutoConfiguration.UndertowWebSocketConfiguration:
      Did not match:
         - @ConditionalOnClass did not find required class 'io.undertow.websockets.jsr.Bootstrap' (OnClassCondition)

   XADataSourceAutoConfiguration:
      Did not match:
         - @ConditionalOnClass did not find required classes 'javax.transaction.TransactionManager', 'org.springframework.jdbc.datasource.embedded.EmbeddedDatabaseType' (OnClassCondition)


Exclusions:
-----------

    None


Unconditional classes:
----------------------

    org.springframework.boot.autoconfigure.context.PropertyPlaceholderAutoConfiguration

    org.springframework.boot.autoconfigure.web.embedded.EmbeddedWebServerFactoryCustomizerAutoConfiguration

    org.springframework.boot.autoconfigure.security.reactive.ReactiveSecurityAutoConfiguration

    org.springframework.boot.autoconfigure.context.ConfigurationPropertiesAutoConfiguration

    org.springframework.boot.autoconfigure.info.ProjectInfoAutoConfiguration



2019-08-17 08:53:34.056 [main] INFO  c.x.test.freemarker.FreemarkerTest - Started FreemarkerTest in 3.103 seconds (JVM running for 4.478)
]]></system-out>
  </testcase>
  <testcase name="testGenerateHtmlByString" classname="com.xuecheng.test.freemarker.FreemarkerTest" time="0.124"/>
</testsuite>